\BOOKMARK [1][-]{section.1}{\376\377\000I\000n\000t\000r\000o\000d\000u\000c\000t\000i\000o\000n}{}% 1
\BOOKMARK [1][-]{section.2}{\376\377\000A\000l\000g\000\350\000b\000r\000e}{}% 2
\BOOKMARK [2][-]{subsection.2.1}{\376\377\000L\000o\000g\000a\000r\000i\000t\000h\000m\000e}{section.2}% 3
\BOOKMARK [3][-]{subsubsection.2.1.1}{\376\377\000R\000e\000l\000a\000t\000i\000o\000n\000s}{subsection.2.1}% 4
\BOOKMARK [3][-]{subsubsection.2.1.2}{\376\377\000C\000h\000a\000n\000g\000e\000m\000e\000n\000t\000\040\000d\000e\000\040\000b\000a\000s\000e}{subsection.2.1}% 5
\BOOKMARK [2][-]{subsection.2.2}{\376\377\000P\000r\000o\000d\000u\000i\000t\000s\000\040\000r\000e\000m\000a\000r\000q\000u\000a\000b\000l\000e\000s}{section.2}% 6
\BOOKMARK [2][-]{subsection.2.3}{\376\377\000E\000q\000u\000a\000t\000i\000o\000n\000\040\000d\000e\000\040\000d\000e\000g\000r\000\351\000\040\0002}{section.2}% 7
\BOOKMARK [2][-]{subsection.2.4}{\376\377\000E\000q\000u\000a\000t\000i\000o\000n\000\040\000d\000e\000g\000r\000\351\000\040\0003\000\040\000:\000\040\000M\000\351\000t\000h\000o\000d\000e\000\040\000d\000e\000\040\000C\000a\000r\000d\000a\000n}{section.2}% 8
\BOOKMARK [2][-]{subsection.2.5}{\376\377\000S\000u\000i\000t\000e\000s\000\040\000\046\000\040\000S\000\351\000r\000i\000e\000s}{section.2}% 9
\BOOKMARK [2][-]{subsection.2.6}{\376\377\000N\000o\000m\000b\000r\000e\000s\000\040\000c\000o\000m\000p\000l\000e\000x\000e\000s}{section.2}% 10
\BOOKMARK [3][-]{subsubsection.2.6.1}{\376\377\000U\000t\000i\000l\000i\000t\000\351}{subsection.2.6}% 11
\BOOKMARK [3][-]{subsubsection.2.6.2}{\376\377\000D\000\351\000f\000i\000n\000i\000t\000i\000o\000n}{subsection.2.6}% 12
\BOOKMARK [3][-]{subsubsection.2.6.3}{\376\377\000R\000\351\000s\000o\000l\000u\000t\000i\000o\000n\000\040\000d\000'\000\351\000q\000u\000a\000t\000i\000o\000n\000s\000\040\000i\000m\000a\000g\000i\000n\000a\000i\000r\000e\000s}{subsection.2.6}% 13
\BOOKMARK [2][-]{subsection.2.7}{\376\377\000S\000\351\000r\000i\000e\000\040\000e\000t\000\040\000t\000r\000a\000n\000s\000f\000o\000r\000m\000\351\000e\000\040\000d\000e\000\040\000F\000o\000u\000r\000i\000e\000r}{section.2}% 14
\BOOKMARK [2][-]{subsection.2.8}{\376\377\000T\000r\000a\000n\000s\000f\000o\000r\000m\000\351\000e\000\040\000d\000e\000\040\000L\000a\000p\000l\000a\000c\000e}{section.2}% 15
\BOOKMARK [1][-]{section.3}{\376\377\000E\000q\000u\000a\000t\000i\000o\000n\000s\000\040\000d\000i\000f\000f\000\351\000r\000e\000n\000t\000i\000e\000l\000l\000e\000s}{}% 16
\BOOKMARK [1][-]{section.4}{\376\377\000A\000l\000g\000\350\000b\000r\000e\000\040\000l\000i\000n\000\351\000a\000i\000r\000e}{}% 17
\BOOKMARK [1][-]{section.5}{\376\377\000A\000n\000a\000l\000y\000s\000e\000\040\000n\000u\000m\000\351\000r\000i\000q\000u\000e}{}% 18
\BOOKMARK [1][-]{section.6}{\376\377\000C\000i\000n\000\351\000m\000a\000t\000i\000q\000u\000e\000\040\000m\000u\000l\000t\000i\000-\000c\000o\000r\000p\000s}{}% 19
\BOOKMARK [1][-]{section.7}{\376\377\000C\000r\000y\000p\000t\000o\000l\000o\000g\000i\000e}{}% 20
\BOOKMARK [1][-]{section.8}{\376\377\000S\000y\000s\000t\000\350\000m\000e\000s\000\040\000d\000e\000\040\000c\000o\000o\000r\000d\000o\000n\000n\000\351\000e\000s}{}% 21
\BOOKMARK [2][-]{subsection.8.1}{\376\377\000C\000o\000o\000r\000d\000o\000n\000n\000\351\000e\000s\000\040\000c\000y\000l\000i\000n\000d\000r\000i\000q\000u\000e\000s}{section.8}% 22
\BOOKMARK [2][-]{subsection.8.2}{\376\377\000C\000o\000o\000r\000d\000o\000n\000n\000\351\000e\000s\000\040\000s\000p\000h\000\351\000r\000i\000q\000u\000e\000s}{section.8}% 23
\BOOKMARK [1][-]{section.9}{\376\377\000G\000\351\000o\000m\000\351\000t\000r\000i\000e}{}% 24
\BOOKMARK [2][-]{subsection.9.1}{\376\377\000T\000r\000i\000a\000n\000g\000l\000e\000\040\000q\000u\000l\000e\000c\000o\000n\000q\000u\000e}{section.9}% 25
\BOOKMARK [2][-]{subsection.9.2}{\376\377\000T\000r\000i\000g\000o\000n\000o\000m\000\351\000t\000r\000i\000e}{section.9}% 26
\BOOKMARK [2][-]{subsection.9.3}{\376\377\000N\000o\000r\000m\000e}{section.9}% 27
\BOOKMARK [2][-]{subsection.9.4}{\376\377\000V\000e\000c\000t\000e\000u\000r\000s}{section.9}% 28
\BOOKMARK [2][-]{subsection.9.5}{\376\377\000B\000a\000s\000e}{section.9}% 29
\BOOKMARK [2][-]{subsection.9.6}{\376\377\000P\000r\000o\000d\000u\000i\000t\000\040\000s\000c\000a\000l\000a\000i\000r\000e}{section.9}% 30
\BOOKMARK [2][-]{subsection.9.7}{\376\377\000V\000o\000l\000u\000m\000e}{section.9}% 31
\BOOKMARK [2][-]{subsection.9.8}{\376\377\000P\000r\000o\000d\000u\000i\000t\000\040\000v\000e\000c\000t\000o\000r\000i\000e\000l}{section.9}% 32
\BOOKMARK [3][-]{subsubsection.9.8.1}{\376\377\000D\000\351\000f\000i\000n\000i\000t\000i\000o\000n}{subsection.9.8}% 33
\BOOKMARK [3][-]{subsubsection.9.8.2}{\376\377\000R\000e\000l\000a\000t\000i\000o\000n}{subsection.9.8}% 34
\BOOKMARK [3][-]{subsubsection.9.8.3}{\376\377\000P\000r\000o\000p\000r\000i\000\351\000t\000\351\000s}{subsection.9.8}% 35
\BOOKMARK [2][-]{subsection.9.9}{\376\377\000E\000q\000u\000a\000t\000i\000o\000n\000s\000\040\000d\000a\000n\000s\000\040\000l\000'\000e\000s\000p\000a\000c\000e}{section.9}% 36
\BOOKMARK [3][-]{subsubsection.9.9.1}{\376\377\000D\000a\000n\000s\000\040\000l\000e\000\040\000p\000l\000a\000n}{subsection.9.9}% 37
\BOOKMARK [3][-]{subsubsection.9.9.2}{\376\377\000D\000a\000n\000s\000\040\000l\000'\000e\000s\000p\000a\000c\000e}{subsection.9.9}% 38
\BOOKMARK [2][-]{subsection.9.10}{\376\377\000A\000l\000l\000i\000g\000n\000e\000m\000e\000n\000t\000s}{section.9}% 39
\BOOKMARK [2][-]{subsection.9.11}{\376\377\000I\000n\000t\000e\000r\000s\000e\000c\000t\000i\000o\000n\000s}{section.9}% 40
\BOOKMARK [2][-]{subsection.9.12}{\376\377\000P\000r\000o\000j\000e\000c\000t\000i\000o\000n\000s}{section.9}% 41
\BOOKMARK [2][-]{subsection.9.13}{\376\377\000C\000a\000l\000c\000u\000l\000s\000\040\000v\000o\000l\000u\000m\000e}{section.9}% 42
\BOOKMARK [2][-]{subsection.9.14}{\376\377\000C\000a\000l\000c\000u\000l\000s\000\040\000s\000u\000r\000f\000a\000c\000e}{section.9}% 43
\BOOKMARK [1][-]{section.10}{\376\377\000M\000a\000t\000h\000\351\000m\000a\000t\000i\000q\000u\000e\000s}{}% 44
\BOOKMARK [1][-]{section.11}{\376\377\000M\000a\000t\000\351\000r\000i\000a\000u\000x}{}% 45
\BOOKMARK [1][-]{section.12}{\376\377\000M\000\351\000c\000a\000n\000i\000q\000u\000e}{}% 46
\BOOKMARK [2][-]{subsection.12.1}{\376\377\000C\000i\000n\000\351\000m\000a\000t\000i\000q\000u\000e}{section.12}% 47
\BOOKMARK [3][-]{subsubsection.12.1.1}{\376\377\000M\000R\000U}{subsection.12.1}% 48
\BOOKMARK [3][-]{subsubsection.12.1.2}{\376\377\000M\000R\000U\000A}{subsection.12.1}% 49
\BOOKMARK [3][-]{subsubsection.12.1.3}{\376\377\000M\000C\000U}{subsection.12.1}% 50
\BOOKMARK [3][-]{subsubsection.12.1.4}{\376\377\000M\000C\000U\000A}{subsection.12.1}% 51
\BOOKMARK [2][-]{subsection.12.2}{\376\377\000E\000q\000u\000a\000t\000i\000o\000n\000s\000\040\000d\000'\000\351\000q\000u\000i\000l\000i\000b\000r\000e}{section.12}% 52
\BOOKMARK [2][-]{subsection.12.3}{\376\377\000M\000\351\000c\000a\000n\000i\000q\000u\000e\000\040\000L\000a\000g\000r\000a\000n\000g\000i\000e\000n\000n\000e}{section.12}% 53
\BOOKMARK [2][-]{subsection.12.4}{\376\377\000C\000e\000n\000t\000r\000e\000\040\000d\000e\000\040\000m\000a\000s\000s\000e\000\040\000e\000t\000\040\000m\000o\000m\000e\000n\000t\000\040\000d\000'\000i\000n\000e\000r\000t\000i\000e}{section.12}% 54
\BOOKMARK [2][-]{subsection.12.5}{\376\377\000Q\000u\000a\000n\000t\000i\000t\000\351\000\040\000m\000o\000u\000v\000e\000m\000e\000n\000t\000,\000\040\000m\000o\000m\000e\000n\000t\000\040\000c\000i\000n\000\351\000t\000i\000q\000u\000e}{section.12}% 55
\BOOKMARK [1][-]{section.13}{\376\377\000M\000\351\000c\000a\000n\000i\000q\000u\000e\000\040\000d\000e\000s\000\040\000s\000t\000r\000u\000c\000t\000u\000r\000e\000s}{}% 56
\BOOKMARK [2][-]{subsection.13.1}{\376\377\000T\000r\000a\000c\000t\000i\000o\000n\000/\000c\000o\000m\000p\000r\000e\000s\000s\000i\000o\000n}{section.13}% 57
\BOOKMARK [2][-]{subsection.13.2}{\376\377\000E\000f\000f\000o\000r\000t\000\040\000t\000r\000a\000n\000c\000h\000a\000n\000t}{section.13}% 58
\BOOKMARK [2][-]{subsection.13.3}{\376\377\000F\000l\000e\000x\000i\000o\000n}{section.13}% 59
\BOOKMARK [2][-]{subsection.13.4}{\376\377\000T\000o\000r\000s\000i\000o\000n}{section.13}% 60
\BOOKMARK [1][-]{section.14}{\376\377\000M\000\351\000c\000a\000n\000i\000q\000u\000e\000\040\000v\000i\000b\000r\000a\000t\000o\000i\000r\000e}{}% 61
\BOOKMARK [2][-]{subsection.14.1}{\376\377\000S\000y\000s\000t\000\350\000m\000e\000\040\000\340\000\040\000u\000n\000\040\000d\000e\000g\000r\000\351\000\040\000d\000e\000\040\000l\000i\000b\000e\000r\000t\000\351}{section.14}% 62
\BOOKMARK [1][-]{section.15}{\376\377\000P\000h\000y\000s\000i\000q\000u\000e}{}% 63
\BOOKMARK [2][-]{subsection.15.1}{\376\377\000L\000o\000i\000s\000\040\000d\000e\000\040\000c\000o\000n\000s\000e\000r\000v\000a\000t\000i\000o\000n}{section.15}% 64
\BOOKMARK [3][-]{subsubsection.15.1.1}{\376\377\000Q\000u\000a\000t\000i\000t\000\351\000\040\000d\000e\000\040\000m\000o\000u\000v\000e\000m\000e\000n\000t}{subsection.15.1}% 65
\BOOKMARK [3][-]{subsubsection.15.1.2}{\376\377\000E\000n\000e\000r\000g\000i\000e}{subsection.15.1}% 66
\BOOKMARK [3][-]{subsubsection.15.1.3}{\376\377\000M\000o\000m\000e\000n\000t\000\040\000c\000i\000n\000\351\000t\000i\000q\000u\000e}{subsection.15.1}% 67
\BOOKMARK [2][-]{subsection.15.2}{\376\377\000L\000o\000i\000s\000\040\000d\000e\000\040\000d\000i\000s\000t\000r\000i\000b\000u\000t\000i\000o\000n}{section.15}% 68
\BOOKMARK [2][-]{subsection.15.3}{\376\377\000C\000h\000o\000c\000s}{section.15}% 69
\BOOKMARK [1][-]{section.16}{\376\377\000S\000t\000a\000t\000i\000s\000t\000i\000q\000u\000e}{}% 70
\BOOKMARK [2][-]{subsection.16.1}{\376\377\000C\000o\000m\000b\000i\000n\000a\000t\000o\000i\000r\000e}{section.16}% 71
\BOOKMARK [2][-]{subsection.16.2}{\376\377\000*\000*\000*\000*\000*\000*\000*\000*\000*\000*\000*}{section.16}% 72
\BOOKMARK [1][-]{section.17}{\376\377\000R\000\351\000g\000u\000l\000a\000t\000i\000o\000n}{}% 73
\BOOKMARK [1][-]{section.18}{\376\377\000T\000h\000e\000r\000m\000o\000d\000y\000n\000a\000m\000i\000q\000u\000e}{}% 74
\BOOKMARK [2][-]{subsection.18.1}{\376\377\000D\000\351\000f\000i\000n\000i\000t\000i\000o\000n\000s}{section.18}% 75
\BOOKMARK [2][-]{subsection.18.2}{\376\377\000P\000r\000i\000n\000c\000i\000p\000e\000s\000\040\000d\000e\000\040\000l\000a\000\040\000t\000h\000e\000r\000m\000o\000d\000y\000n\000a\000m\000i\000q\000u\000e}{section.18}% 76
\BOOKMARK [2][-]{subsection.18.3}{\376\377\000P\000r\000o\000c\000e\000s\000s\000u\000s\000\040\000t\000h\000e\000r\000m\000o\000d\000y\000n\000a\000m\000i\000q\000u\000e}{section.18}% 77
\BOOKMARK [2][-]{subsection.18.4}{\376\377\000C\000y\000c\000l\000e\000s}{section.18}% 78
\BOOKMARK [3][-]{subsubsection.18.4.1}{\376\377\000C\000a\000r\000n\000o\000t}{subsection.18.4}% 79
\BOOKMARK [2][-]{subsection.18.5}{\376\377\000R\000e\000n\000d\000e\000m\000e\000n\000t\000s\000\040\000i\000s\000e\000n\000t\000r\000o\000p\000i\000q\000u\000e\000s}{section.18}% 80
\BOOKMARK [2][-]{subsection.18.6}{\376\377\000R\000a\000y\000o\000n\000n\000e\000m\000e\000n\000t\000\040\000c\000o\000r\000p\000s\000\040\000n\000o\000i\000r}{section.18}% 81
\BOOKMARK [2][-]{subsection.18.7}{\376\377\000C\000h\000a\000n\000g\000e\000m\000e\000n\000t\000\040\000d\000e\000\040\000p\000h\000a\000s\000e}{section.18}% 82
\BOOKMARK [1][-]{section.19}{\376\377\000C\000o\000n\000v\000e\000r\000s\000i\000o\000n\000\040\000d\000'\000u\000n\000i\000t\000\351}{}% 83
\BOOKMARK [1][-]{section.20}{\376\377\000B\000i\000b\000l\000i\000o\000g\000r\000a\000p\000h\000i\000e}{}% 84
