This is pdfTeX, Version 3.141592653-2.6-1.40.25 (MiKTeX 23.12) (preloaded format=pdflatex 2024.1.14)  11 FEB 2024 10:48
entering extended mode
 restricted \write18 enabled.
 %&-line parsing enabled.
**"./Geographic coordinates.tex"
(Geographic coordinates.tex
LaTeX2e <2023-11-01>
L3 programming layer <2023-12-11>
(C:\Users\mbthe\AppData\Local\Programs\MiKTeX\tex/latex/base\article.cls
Document Class: article 2023/05/17 v1.4n Standard LaTeX document class
(C:\Users\mbthe\AppData\Local\Programs\MiKTeX\tex/latex/base\size12.clo
File: size12.clo 2023/05/17 v1.4n Standard LaTeX file (size option)
)
\c@part=\count187
\c@section=\count188
\c@subsection=\count189
\c@subsubsection=\count190
\c@paragraph=\count191
\c@subparagraph=\count192
\c@figure=\count193
\c@table=\count194
\abovecaptionskip=\skip48
\belowcaptionskip=\skip49
\bibindent=\dimen140
)
(C:\Users\mbthe\AppData\Local\Programs\MiKTeX\tex/latex/base\inputenc.sty
Package: inputenc 2021/02/14 v1.3d Input encoding file
\inpenc@prehook=\toks17
\inpenc@posthook=\toks18
)
(C:\Users\mbthe\AppData\Local\Programs\MiKTeX\tex/latex/lm\lmodern.sty
Package: lmodern 2015/05/01 v1.6.1 Latin Modern Fonts
LaTeX Font Info:    Overwriting symbol font `operators' in version `normal'
(Font)                  OT1/cmr/m/n --> OT1/lmr/m/n on input line 22.
LaTeX Font Info:    Overwriting symbol font `letters' in version `normal'
(Font)                  OML/cmm/m/it --> OML/lmm/m/it on input line 23.
LaTeX Font Info:    Overwriting symbol font `symbols' in version `normal'
(Font)                  OMS/cmsy/m/n --> OMS/lmsy/m/n on input line 24.
LaTeX Font Info:    Overwriting symbol font `largesymbols' in version `normal'
(Font)                  OMX/cmex/m/n --> OMX/lmex/m/n on input line 25.
LaTeX Font Info:    Overwriting symbol font `operators' in version `bold'
(Font)                  OT1/cmr/bx/n --> OT1/lmr/bx/n on input line 26.
LaTeX Font Info:    Overwriting symbol font `letters' in version `bold'
(Font)                  OML/cmm/b/it --> OML/lmm/b/it on input line 27.
LaTeX Font Info:    Overwriting symbol font `symbols' in version `bold'
(Font)                  OMS/cmsy/b/n --> OMS/lmsy/b/n on input line 28.
LaTeX Font Info:    Overwriting symbol font `largesymbols' in version `bold'
(Font)                  OMX/cmex/m/n --> OMX/lmex/m/n on input line 29.
LaTeX Font Info:    Overwriting math alphabet `\mathbf' in version `normal'
(Font)                  OT1/cmr/bx/n --> OT1/lmr/bx/n on input line 31.
LaTeX Font Info:    Overwriting math alphabet `\mathsf' in version `normal'
(Font)                  OT1/cmss/m/n --> OT1/lmss/m/n on input line 32.
LaTeX Font Info:    Overwriting math alphabet `\mathit' in version `normal'
(Font)                  OT1/cmr/m/it --> OT1/lmr/m/it on input line 33.
LaTeX Font Info:    Overwriting math alphabet `\mathtt' in version `normal'
(Font)                  OT1/cmtt/m/n --> OT1/lmtt/m/n on input line 34.
LaTeX Font Info:    Overwriting math alphabet `\mathbf' in version `bold'
(Font)                  OT1/cmr/bx/n --> OT1/lmr/bx/n on input line 35.
LaTeX Font Info:    Overwriting math alphabet `\mathsf' in version `bold'
(Font)                  OT1/cmss/bx/n --> OT1/lmss/bx/n on input line 36.
LaTeX Font Info:    Overwriting math alphabet `\mathit' in version `bold'
(Font)                  OT1/cmr/bx/it --> OT1/lmr/bx/it on input line 37.
LaTeX Font Info:    Overwriting math alphabet `\mathtt' in version `bold'
(Font)                  OT1/cmtt/m/n --> OT1/lmtt/m/n on input line 38.
)
(C:\Users\mbthe\AppData\Local\Programs\MiKTeX\tex/latex/base\fontenc.sty
Package: fontenc 2021/04/29 v2.0v Standard LaTeX package
LaTeX Font Info:    Trying to load font information for T1+lmr on input line 11
2.

(C:\Users\mbthe\AppData\Local\Programs\MiKTeX\tex/latex/lm\t1lmr.fd
File: t1lmr.fd 2015/05/01 v1.6.1 Font defs for Latin Modern
))
(C:\Users\mbthe\AppData\Local\Programs\MiKTeX\tex/latex/graphics\lscape.sty
Package: lscape 2020/05/28 v3.02 Landscape Pages (DPC)

(C:\Users\mbthe\AppData\Local\Programs\MiKTeX\tex/latex/graphics\graphics.sty
Package: graphics 2022/03/10 v1.4e Standard LaTeX Graphics (DPC,SPQR)

(C:\Users\mbthe\AppData\Local\Programs\MiKTeX\tex/latex/graphics\trig.sty
Package: trig 2021/08/11 v1.11 sin cos tan (DPC)
)
(C:\Users\mbthe\AppData\Local\Programs\MiKTeX\tex/latex/graphics-cfg\graphics.c
fg
File: graphics.cfg 2016/06/04 v1.11 sample graphics configuration
)
Package graphics Info: Driver file: pdftex.def on input line 107.

(C:\Users\mbthe\AppData\Local\Programs\MiKTeX\tex/latex/graphics-def\pdftex.def
File: pdftex.def 2022/09/22 v1.2b Graphics/color driver for pdftex
)))
(C:\Users\mbthe\AppData\Local\Programs\MiKTeX\tex/latex/graphics\graphicx.sty
Package: graphicx 2021/09/16 v1.2d Enhanced LaTeX Graphics (DPC,SPQR)

(C:\Users\mbthe\AppData\Local\Programs\MiKTeX\tex/latex/graphics\keyval.sty
Package: keyval 2022/05/29 v1.15 key=value parser (DPC)
\KV@toks@=\toks19
)
\Gin@req@height=\dimen141
\Gin@req@width=\dimen142
)
(C:\Users\mbthe\AppData\Local\Programs\MiKTeX\tex/latex/fancyhdr\fancyhdr.sty
Package: fancyhdr 2022/11/09 v4.1 Extensive control of page headers and footers

\f@nch@headwidth=\skip50
\f@nch@O@elh=\skip51
\f@nch@O@erh=\skip52
\f@nch@O@olh=\skip53
\f@nch@O@orh=\skip54
\f@nch@O@elf=\skip55
\f@nch@O@erf=\skip56
\f@nch@O@olf=\skip57
\f@nch@O@orf=\skip58
)
(C:\Users\mbthe\AppData\Local\Programs\MiKTeX\tex/latex/lastpage\lastpage.sty
Package: lastpage 2023/10/14 v2.0e lastpage: 2.09 or 2e? (HMM)

(C:\Users\mbthe\AppData\Local\Programs\MiKTeX\tex/latex/lastpage\lastpage2e.sty
Package: lastpage2e 2023/10/14 v2.0e Decide which 2e lastpage version to use (H
MM)

(C:\Users\mbthe\AppData\Local\Programs\MiKTeX\tex/latex/lastpage\lastpagemodern
.sty
Package: lastpagemodern 2023-10-14 v2.0e Refers to last page's name (HMM; JPG)
\c@lastpagecount=\count195
) 
))
(C:\Users\mbthe\AppData\Local\Programs\MiKTeX\tex/latex/pdfpages\pdfpages.sty
Package: pdfpages 2022/12/19 v0.5x Insert pages of external PDF documents (AM)

(C:\Users\mbthe\AppData\Local\Programs\MiKTeX\tex/latex/base\ifthen.sty
Package: ifthen 2022/04/13 v1.1d Standard LaTeX ifthen package (DPC)
)
(C:\Users\mbthe\AppData\Local\Programs\MiKTeX\tex/latex/tools\calc.sty
Package: calc 2023/07/08 v4.3 Infix arithmetic (KKT,FJ)
\calc@Acount=\count196
\calc@Bcount=\count197
\calc@Adimen=\dimen143
\calc@Bdimen=\dimen144
\calc@Askip=\skip59
\calc@Bskip=\skip60
LaTeX Info: Redefining \setlength on input line 80.
LaTeX Info: Redefining \addtolength on input line 81.
\calc@Ccount=\count198
\calc@Cskip=\skip61
)
(C:\Users\mbthe\AppData\Local\Programs\MiKTeX\tex/latex/eso-pic\eso-pic.sty
Package: eso-pic 2023/05/03 v3.0c eso-pic (RN)
\ESO@tempdima=\dimen145
\ESO@tempdimb=\dimen146

(C:\Users\mbthe\AppData\Local\Programs\MiKTeX\tex/latex/xcolor\xcolor.sty
Package: xcolor 2023/11/15 v3.01 LaTeX color extensions (UK)

(C:\Users\mbthe\AppData\Local\Programs\MiKTeX\tex/latex/graphics-cfg\color.cfg
File: color.cfg 2016/01/02 v1.6 sample color configuration
)
Package xcolor Info: Driver file: pdftex.def on input line 274.
(C:\Users\mbthe\AppData\Local\Programs\MiKTeX\tex/latex/graphics\mathcolor.ltx)
Package xcolor Info: Model `cmy' substituted by `cmy0' on input line 1350.
Package xcolor Info: Model `hsb' substituted by `rgb' on input line 1354.
Package xcolor Info: Model `RGB' extended on input line 1366.
Package xcolor Info: Model `HTML' substituted by `rgb' on input line 1368.
Package xcolor Info: Model `Hsb' substituted by `hsb' on input line 1369.
Package xcolor Info: Model `tHsb' substituted by `hsb' on input line 1370.
Package xcolor Info: Model `HSB' substituted by `hsb' on input line 1371.
Package xcolor Info: Model `Gray' substituted by `gray' on input line 1372.
Package xcolor Info: Model `wave' substituted by `hsb' on input line 1373.
))
\AM@pagewidth=\dimen147
\AM@pageheight=\dimen148
\AM@fboxrule=\dimen149

(C:\Users\mbthe\AppData\Local\Programs\MiKTeX\tex/latex/pdfpages\pppdftex.def
File: pppdftex.def 2022/12/19 v0.5x Pdfpages driver for pdfTeX (AM)
)
\pdfpages@includegraphics@status=\count199
\AM@pagebox=\box51
\AM@global@opts=\toks20
\AM@pagecnt=\count266
\AM@toc@title=\toks21
\AM@lof@heading=\toks22
\c@AM@survey=\count267
\AM@templatesizebox=\box52
) (C:\Users\mbthe\AppData\Local\Programs\MiKTeX\tex/generic/babel\babel.sty
Package: babel 2023/12/10 v3.99 The Babel package
\babel@savecnt=\count268
\U@D=\dimen150
\l@unhyphenated=\language79

(C:\Users\mbthe\AppData\Local\Programs\MiKTeX\tex/generic/babel\txtbabel.def)
\bbl@readstream=\read2
\bbl@dirlevel=\count269

*************************************
* Local config file bblopts.cfg used
*
(C:\Users\mbthe\AppData\Local\Programs\MiKTeX\tex/latex/arabi\bblopts.cfg
File: bblopts.cfg 2005/09/08 v0.1 add Arabic and Farsi to "declared" options of
 babel
)
(C:\Users\mbthe\AppData\Local\Programs\MiKTeX\tex/generic/babel-french\frenchb.
ldf
Language: frenchb 2023-12-19 v3.5r French support from the babel system


Package babel-french Warning: Option `frenchb' for Babel is *deprecated*,
(babel-french)                it might be removed sooner or later. Please
(babel-french)                use `french' instead; reported on input line 35.


(C:\Users\mbthe\AppData\Local\Programs\MiKTeX\tex/generic/babel-french\french.l
df
Language: french 2023-12-19 v3.5r French support from the babel system
Package babel Info: Hyphen rules for 'acadian' set to \l@french
(babel)             (\language22). Reported on input line 91.
Package babel Info: Hyphen rules for 'canadien' set to \l@french
(babel)             (\language22). Reported on input line 92.
\FB@stdchar=\count270
Package babel Info: Making : an active character on input line 420.
Package babel Info: Making ; an active character on input line 421.
Package babel Info: Making ! an active character on input line 422.
Package babel Info: Making ? an active character on input line 423.
\FBguill@level=\count271
\FBold@everypar=\toks23
\FB@Mht=\dimen151
\mc@charclass=\count272
\mc@charfam=\count273
\mc@charslot=\count274
\std@mcc=\count275
\dec@mcc=\count276
\FB@parskip=\dimen152
\listindentFB=\dimen153
\descindentFB=\dimen154
\labelindentFB=\dimen155
\labelwidthFB=\dimen156
\leftmarginFB=\dimen157
\parindentFFN=\dimen158
\FBfnindent=\dimen159
)))
(C:\Users\mbthe\AppData\Local\Programs\MiKTeX\tex/latex/carlisle\scalefnt.sty)
(C:\Users\mbthe\AppData\Local\Programs\MiKTeX\tex/latex/amsfonts\amssymb.sty
Package: amssymb 2013/01/14 v3.01 AMS font symbols

(C:\Users\mbthe\AppData\Local\Programs\MiKTeX\tex/latex/amsfonts\amsfonts.sty
Package: amsfonts 2013/01/14 v3.01 Basic AMSFonts support
\@emptytoks=\toks24
\symAMSa=\mathgroup4
\symAMSb=\mathgroup5
LaTeX Font Info:    Redeclaring math symbol \hbar on input line 98.
LaTeX Font Info:    Overwriting math alphabet `\mathfrak' in version `bold'
(Font)                  U/euf/m/n --> U/euf/b/n on input line 106.
)) (C:\Users\mbthe\AppData\Local\Programs\MiKTeX\tex/latex/tools\multicol.sty
Package: multicol 2023/03/30 v1.9f multicolumn formatting (FMi)
\c@tracingmulticols=\count277
\mult@box=\box53
\multicol@leftmargin=\dimen160
\c@unbalance=\count278
\c@collectmore=\count279
\doublecol@number=\count280
\multicoltolerance=\count281
\multicolpretolerance=\count282
\full@width=\dimen161
\page@free=\dimen162
\premulticols=\dimen163
\postmulticols=\dimen164
\multicolsep=\skip62
\multicolbaselineskip=\skip63
\partial@page=\box54
\last@line=\box55
\mc@boxedresult=\box56
\maxbalancingoverflow=\dimen165
\mult@rightbox=\box57
\mult@grightbox=\box58
\mult@firstbox=\box59
\mult@gfirstbox=\box60
\@tempa=\box61
\@tempa=\box62
\@tempa=\box63
\@tempa=\box64
\@tempa=\box65
\@tempa=\box66
\@tempa=\box67
\@tempa=\box68
\@tempa=\box69
\@tempa=\box70
\@tempa=\box71
\@tempa=\box72
\@tempa=\box73
\@tempa=\box74
\@tempa=\box75
\@tempa=\box76
\@tempa=\box77
\@tempa=\box78
\@tempa=\box79
\@tempa=\box80
\@tempa=\box81
\@tempa=\box82
\@tempa=\box83
\@tempa=\box84
\@tempa=\box85
\@tempa=\box86
\@tempa=\box87
\@tempa=\box88
\@tempa=\box89
\@tempa=\box90
\@tempa=\box91
\@tempa=\box92
\@tempa=\box93
\@tempa=\box94
\@tempa=\box95
\@tempa=\box96
\c@minrows=\count283
\c@columnbadness=\count284
\c@finalcolumnbadness=\count285
\last@try=\dimen166
\multicolovershoot=\dimen167
\multicolundershoot=\dimen168
\mult@nat@firstbox=\box97
\colbreak@box=\box98
\mc@col@check@num=\count286
)
(C:\Users\mbthe\AppData\Local\Programs\MiKTeX\tex/latex/url\url.sty
\Urlmuskip=\muskip16
Package: url 2013/09/16  ver 3.4  Verb mode for urls, etc.
)
(C:\Users\mbthe\AppData\Local\Programs\MiKTeX\tex/latex/multido\multido.sty
Package: multido 2004/05/17 package wrapper for PSTricks `multido.tex', (HV/RN)


(C:\Users\mbthe\AppData\Local\Programs\MiKTeX\tex/generic/multido\multido.tex
 v1.42, 2010/05/14 <tvz>
\multido@count=\count287
\multidocount=\count288
\multido@stuff=\toks25
)
File: multido.tex 2010/05/14 v1.42 `multido' (tvz,hv)
)
(C:\Users\mbthe\AppData\Local\Programs\MiKTeX\tex/latex/base\fontenc.sty
Package: fontenc 2021/04/29 v2.0v Standard LaTeX package
)
(C:\Users\mbthe\AppData\Local\Programs\MiKTeX\tex/latex/alegreya\AlegreyaSans.s
ty
Package: AlegreyaSans 2022/09/14 (Bob Tennent) Supports AlegreyaSans fonts for 
all LaTeX engines. 
 (C:\Users\mbthe\AppData\Local\Programs\MiKTeX\tex/generic/iftex\ifxetex.sty
Package: ifxetex 2019/10/25 v0.7 ifxetex legacy package. Use iftex instead.

(C:\Users\mbthe\AppData\Local\Programs\MiKTeX\tex/generic/iftex\iftex.sty
Package: iftex 2022/02/03 v1.0f TeX engine tests
))
(C:\Users\mbthe\AppData\Local\Programs\MiKTeX\tex/generic/iftex\ifluatex.sty
Package: ifluatex 2019/10/25 v1.5 ifluatex legacy package. Use iftex instead.
)
(C:\Users\mbthe\AppData\Local\Programs\MiKTeX\tex/latex/base\textcomp.sty
Package: textcomp 2020/02/02 v2.0n Standard LaTeX package
)
(C:\Users\mbthe\AppData\Local\Programs\MiKTeX\tex/latex/xkeyval\xkeyval.sty
Package: xkeyval 2022/06/16 v2.9 package option processing (HA)

(C:\Users\mbthe\AppData\Local\Programs\MiKTeX\tex/generic/xkeyval\xkeyval.tex
(C:\Users\mbthe\AppData\Local\Programs\MiKTeX\tex/generic/xkeyval\xkvutils.tex
\XKV@toks=\toks26
\XKV@tempa@toks=\toks27
)
\XKV@depth=\count289
File: xkeyval.tex 2014/12/03 v2.7a key=value parser (HA)
)) (C:\Users\mbthe\AppData\Local\Programs\MiKTeX\tex/latex/base\fontenc.sty
Package: fontenc 2021/04/29 v2.0v Standard LaTeX package
)
(C:\Users\mbthe\AppData\Local\Programs\MiKTeX\tex/latex/fontaxes\fontaxes.sty
Package: fontaxes 2020/07/21 v1.0e Font selection axes
LaTeX Info: Redefining \upshape on input line 29.
LaTeX Info: Redefining \itshape on input line 31.
LaTeX Info: Redefining \slshape on input line 33.
LaTeX Info: Redefining \swshape on input line 35.
LaTeX Info: Redefining \scshape on input line 37.
LaTeX Info: Redefining \sscshape on input line 39.
LaTeX Info: Redefining \ulcshape on input line 41.
LaTeX Info: Redefining \textsw on input line 47.
LaTeX Info: Redefining \textssc on input line 48.
LaTeX Info: Redefining \textulc on input line 49.
)) (C:\Users\mbthe\AppData\Local\Programs\MiKTeX\tex/latex/breqn\breqn.sty
(C:\Users\mbthe\AppData\Local\Programs\MiKTeX\tex/latex/l3kernel\expl3.sty
Package: expl3 2023-12-11 L3 programming layer (loader) 

(C:\Users\mbthe\AppData\Local\Programs\MiKTeX\tex/latex/l3backend\l3backend-pdf
tex.def
File: l3backend-pdftex.def 2023-11-09 L3 backend support: PDF output (pdfTeX)
\l__color_backend_stack_int=\count290
\l__pdf_internal_box=\box99
))
Package: breqn 2021/10/28 v0.98l Breaking equations

(C:\Users\mbthe\AppData\Local\Programs\MiKTeX\tex/latex/amsmath\amsmath.sty
Package: amsmath 2023/05/13 v2.17o AMS math features
\@mathmargin=\skip64

For additional information on amsmath, use the `?' option.
(C:\Users\mbthe\AppData\Local\Programs\MiKTeX\tex/latex/amsmath\amstext.sty
Package: amstext 2021/08/26 v2.01 AMS text

(C:\Users\mbthe\AppData\Local\Programs\MiKTeX\tex/latex/amsmath\amsgen.sty
File: amsgen.sty 1999/11/30 v2.0 generic functions
\@emptytoks=\toks28
\ex@=\dimen169
))
(C:\Users\mbthe\AppData\Local\Programs\MiKTeX\tex/latex/amsmath\amsbsy.sty
Package: amsbsy 1999/11/29 v1.2d Bold Symbols
\pmbraise@=\dimen170
)
(C:\Users\mbthe\AppData\Local\Programs\MiKTeX\tex/latex/amsmath\amsopn.sty
Package: amsopn 2022/04/08 v2.04 operator names
)
\inf@bad=\count291
LaTeX Info: Redefining \frac on input line 234.
\uproot@=\count292
\leftroot@=\count293
LaTeX Info: Redefining \overline on input line 399.
LaTeX Info: Redefining \colon on input line 410.
\classnum@=\count294
\DOTSCASE@=\count295
LaTeX Info: Redefining \ldots on input line 496.
LaTeX Info: Redefining \dots on input line 499.
LaTeX Info: Redefining \cdots on input line 620.
\Mathstrutbox@=\box100
\strutbox@=\box101
LaTeX Info: Redefining \big on input line 722.
LaTeX Info: Redefining \Big on input line 723.
LaTeX Info: Redefining \bigg on input line 724.
LaTeX Info: Redefining \Bigg on input line 725.
\big@size=\dimen171
LaTeX Font Info:    Redeclaring font encoding OML on input line 743.
LaTeX Font Info:    Redeclaring font encoding OMS on input line 744.
\macc@depth=\count296
LaTeX Info: Redefining \bmod on input line 905.
LaTeX Info: Redefining \pmod on input line 910.
LaTeX Info: Redefining \smash on input line 940.
LaTeX Info: Redefining \relbar on input line 970.
LaTeX Info: Redefining \Relbar on input line 971.
\c@MaxMatrixCols=\count297
\dotsspace@=\muskip17
\c@parentequation=\count298
\dspbrk@lvl=\count299
\tag@help=\toks29
\row@=\count300
\column@=\count301
\maxfields@=\count302
\andhelp@=\toks30
\eqnshift@=\dimen172
\alignsep@=\dimen173
\tagshift@=\dimen174
\tagwidth@=\dimen175
\totwidth@=\dimen176
\lineht@=\dimen177
\@envbody=\toks31
\multlinegap=\skip65
\multlinetaggap=\skip66
\mathdisplay@stack=\toks32
LaTeX Info: Redefining \[ on input line 2953.
LaTeX Info: Redefining \] on input line 2954.
)
(C:\Users\mbthe\AppData\Local\Programs\MiKTeX\tex/latex/breqn\flexisym.sty
Package: flexisym 2021/10/28 v0.98l Make math characters macros
LaTeX Info: Redefining \textprime on input line 299.
LaTeX Info: Redefining \not on input line 357.

(C:\Users\mbthe\AppData\Local\Programs\MiKTeX\tex/latex/breqn\cmbase.sym
File: cmbase.sym 2007/12/19 v0.92
LaTeX Info: Redefining \hbar on input line 324.
LaTeX Info: Redefining \surd on input line 326.
LaTeX Info: Redefining \angle on input line 334.
LaTeX Info: Redefining \neq on input line 335.
LaTeX Info: Redefining \mapsto on input line 336.
LaTeX Info: Redefining \cong on input line 337.
LaTeX Info: Redefining \notin on input line 340.
LaTeX Info: Redefining \rightleftharpoons on input line 341.
LaTeX Info: Redefining \doteq on input line 342.
LaTeX Info: Redefining \hookrightarrow on input line 343.
LaTeX Info: Redefining \hookleftarrow on input line 344.
LaTeX Info: Redefining \bowtie on input line 345.
LaTeX Info: Redefining \models on input line 346.
LaTeX Info: Redefining \Longrightarrow on input line 347.
LaTeX Info: Redefining \longrightarrow on input line 348.
LaTeX Info: Redefining \Longleftarrow on input line 349.
LaTeX Info: Redefining \longleftarrow on input line 350.
LaTeX Info: Redefining \longmapsto on input line 351.
LaTeX Info: Redefining \longleftrightarrow on input line 352.
LaTeX Info: Redefining \Longleftrightarrow on input line 353.
LaTeX Info: Redefining \cdots on input line 357.
LaTeX Info: Redefining \vdots on input line 360.
LaTeX Info: Redefining \ddots on input line 365.
)
(C:\Users\mbthe\AppData\Local\Programs\MiKTeX\tex/latex/breqn\mathstyle.sty
Package: mathstyle 2021/10/28 v0.98l Tracking mathstyle implicitly
LaTeX Info: Redefining \displaystyle on input line 95.
LaTeX Info: Redefining \textstyle on input line 97.
LaTeX Info: Redefining \scriptstyle on input line 99.
LaTeX Info: Redefining \scriptscriptstyle on input line 101.
LaTeX Info: Redefining \genfrac on input line 149.
))
\inf@bad=\count303
\maxint=\count304
\listwidth=\dimen178
\eqnumsep=\dimen179
\eqmargin=\dimen180
\eqlinespacing=\skip67
\eqlineskip=\skip68
\eqlineskiplimit=\dimen181
\eqbinoffset=\muskip18
\eqdelimoffset=\muskip19
\eqindentstep=\dimen182
\eqstyle=\toks33
\eqbreakdepth=\count305
\eqinterlinepenalty=\count306
\intereqpenalty=\count307
\intereqskip=\skip69
\prerelpenalty=\count308
\prebinoppenalty=\count309
\Dmedmuskip=\muskip20
\Dthickmuskip=\muskip21
\eqleftskip=\skip70
\eqrightskip=\skip71
\eq@vspan=\skip72
\eq@binoffset=\muskip22
\EQ@box=\box102
\EQ@copy=\box103
\EQ@numbox=\box104
\eq@wdNum=\dimen183
\GRP@numbox=\box105
\grp@wdNum=\dimen184
\eq@lines=\count310
\eq@curline=\count311
\eq@badness=\count312
\EQ@vims=\count313
\eq@dp=\dimen185
\eq@wdL=\dimen186
\eq@wdT=\dimen187
\eq@wdMin=\dimen188
\grp@wdL=\dimen189
\grp@wdR=\dimen190
\grp@wdT=\dimen191
\eq@wdRmax=\dimen192
\eq@firstht=\dimen193
\eq@wdCond=\dimen194
\eq@indentstep=\dimen195
\eq@linewidth=\dimen196
\grp@linewidth=\dimen197
\eq@hshift=\dimen198
\eq@given@sidespace=\dimen199
\mathindent=\dimen256
\eq@final@linecount=\count314
\eq@wdR=\dimen257
\EQ@continue=\toks34
\lr@level=\count315
\GRP@queue=\toks35
\GRP@box=\box106
\GRP@wholebox=\box107
\darraycolsep=\skip73
\cur@row=\count316
\cur@col=\count317
\conditionsep=\skip74
)
(C:\Users\mbthe\AppData\Local\Programs\MiKTeX\tex/latex/pst-circ\pst-circ.sty
(C:\Users\mbthe\AppData\Local\Programs\MiKTeX\tex/latex/pstricks\pstricks.sty
Package: pstricks 2023/11/06 v0.74 LaTeX wrapper for `PSTricks' (RN,HV)

(C:\Users\mbthe\AppData\Local\Programs\MiKTeX\tex/generic/xkeyval\pst-xkey.tex
File: pst-xkey.tex 2005/11/25 v1.6 PSTricks specialization of xkeyval (HA)
)
(C:\Users\mbthe\AppData\Local\Programs\MiKTeX\tex/generic/pstricks\pstricks.tex
(C:\Users\mbthe\AppData\Local\Programs\MiKTeX\tex/generic/pstricks\pst-fp.tex
`pst-fp' v0.06, 2020/11/20 (hv)
\pstFP@xs=\count318
\pstFP@xia=\count319
\pstFP@xib=\count320
\pstFP@xfa=\count321
\pstFP@xfb=\count322
\pstFP@rega=\count323
\pstFP@regb=\count324
\pstFP@regs=\count325
\pstFP@times=\count326
)
(C:\Users\mbthe\AppData\Local\Programs\MiKTeX\tex/latex/pgf/utilities\pgffor.st
y
(C:\Users\mbthe\AppData\Local\Programs\MiKTeX\tex/latex/pgf/utilities\pgfrcs.st
y
(C:\Users\mbthe\AppData\Local\Programs\MiKTeX\tex/generic/pgf/utilities\pgfutil
-common.tex
\pgfutil@everybye=\toks36
\pgfutil@tempdima=\dimen258
\pgfutil@tempdimb=\dimen259
)
(C:\Users\mbthe\AppData\Local\Programs\MiKTeX\tex/generic/pgf/utilities\pgfutil
-latex.def
\pgfutil@abb=\box108
)
(C:\Users\mbthe\AppData\Local\Programs\MiKTeX\tex/generic/pgf/utilities\pgfrcs.
code.tex
(C:\Users\mbthe\AppData\Local\Programs\MiKTeX\tex/generic/pgf\pgf.revision.tex)
Package: pgfrcs 2023-01-15 v3.1.10 (3.1.10)
))
(C:\Users\mbthe\AppData\Local\Programs\MiKTeX\tex/latex/pgf/utilities\pgfkeys.s
ty
(C:\Users\mbthe\AppData\Local\Programs\MiKTeX\tex/generic/pgf/utilities\pgfkeys
.code.tex
\pgfkeys@pathtoks=\toks37
\pgfkeys@temptoks=\toks38

(C:\Users\mbthe\AppData\Local\Programs\MiKTeX\tex/generic/pgf/utilities\pgfkeys
libraryfiltered.code.tex
\pgfkeys@tmptoks=\toks39
)))
(C:\Users\mbthe\AppData\Local\Programs\MiKTeX\tex/latex/pgf/math\pgfmath.sty
(C:\Users\mbthe\AppData\Local\Programs\MiKTeX\tex/generic/pgf/math\pgfmath.code
.tex
(C:\Users\mbthe\AppData\Local\Programs\MiKTeX\tex/generic/pgf/math\pgfmathutil.
code.tex
\pgf@x=\dimen260
\pgf@xa=\dimen261
\pgf@xb=\dimen262
\pgf@xc=\dimen263
\pgf@y=\dimen264
\pgf@ya=\dimen265
\pgf@yb=\dimen266
\pgf@yc=\dimen267
\c@pgf@counta=\count327
\c@pgf@countb=\count328
\c@pgf@countc=\count329
\c@pgf@countd=\count330
)
(C:\Users\mbthe\AppData\Local\Programs\MiKTeX\tex/generic/pgf/math\pgfmathparse
r.code.tex
\pgfmath@dimen=\dimen268
\pgfmath@count=\count331
\pgfmath@box=\box109
\pgfmath@toks=\toks40
\pgfmath@stack@operand=\toks41
\pgfmath@stack@operation=\toks42
)
(C:\Users\mbthe\AppData\Local\Programs\MiKTeX\tex/generic/pgf/math\pgfmathfunct
ions.code.tex)
(C:\Users\mbthe\AppData\Local\Programs\MiKTeX\tex/generic/pgf/math\pgfmathfunct
ions.basic.code.tex)
(C:\Users\mbthe\AppData\Local\Programs\MiKTeX\tex/generic/pgf/math\pgfmathfunct
ions.trigonometric.code.tex)
(C:\Users\mbthe\AppData\Local\Programs\MiKTeX\tex/generic/pgf/math\pgfmathfunct
ions.random.code.tex)
(C:\Users\mbthe\AppData\Local\Programs\MiKTeX\tex/generic/pgf/math\pgfmathfunct
ions.comparison.code.tex)
(C:\Users\mbthe\AppData\Local\Programs\MiKTeX\tex/generic/pgf/math\pgfmathfunct
ions.base.code.tex)
(C:\Users\mbthe\AppData\Local\Programs\MiKTeX\tex/generic/pgf/math\pgfmathfunct
ions.round.code.tex)
(C:\Users\mbthe\AppData\Local\Programs\MiKTeX\tex/generic/pgf/math\pgfmathfunct
ions.misc.code.tex)
(C:\Users\mbthe\AppData\Local\Programs\MiKTeX\tex/generic/pgf/math\pgfmathfunct
ions.integerarithmetics.code.tex)
(C:\Users\mbthe\AppData\Local\Programs\MiKTeX\tex/generic/pgf/math\pgfmathcalc.
code.tex)
(C:\Users\mbthe\AppData\Local\Programs\MiKTeX\tex/generic/pgf/math\pgfmathfloat
.code.tex
\c@pgfmathroundto@lastzeros=\count332
)))
(C:\Users\mbthe\AppData\Local\Programs\MiKTeX\tex/generic/pgf/utilities\pgffor.
code.tex
Package: pgffor 2023-01-15 v3.1.10 (3.1.10)
\pgffor@iter=\dimen269
\pgffor@skip=\dimen270
\pgffor@stack=\toks43
\pgffor@toks=\toks44
))
\psLoopIndex=\count333

`PSTricks' v3.19b  <2023/11/06> (tvz,hv)
\pst@dima=\dimen271
\pst@dimb=\dimen272
\pst@dimc=\dimen273
\pst@dimd=\dimen274
\pst@dimg=\dimen275
\pst@dimh=\dimen276
\pst@dimm=\dimen277
\pst@dimn=\dimen278
\pst@dimo=\dimen279
\pst@dimp=\dimen280
\pst@hbox=\box110
\pst@ibox=\box111
\pst@boxg=\box112
\pst@cnta=\count334
\pst@cntb=\count335
\pst@cntc=\count336
\pst@cntd=\count337
\pst@cntg=\count338
\pst@cnth=\count339
\pst@cntm=\count340
\pst@cntn=\count341
\pst@cnto=\count342
\pst@cntp=\count343
\@zero=\count344
\pst@toks=\toks45
--- We are running latex or xelatex ---

(C:\Users\mbthe\AppData\Local\Programs\MiKTeX\tex/generic/pstricks\pstricks.con
)
(C:\Users\mbthe\AppData\Local\Programs\MiKTeX\tex/generic/pstricks\pstricks-col
or.tex)
\psunit=\dimen281
\psxunit=\dimen282
\psyunit=\dimen283
\pst@C@@rType=\count345
\pslinewidth=\dimen284
\psk@startLW=\dimen285
\psk@endLW=\dimen286

(C:\Users\mbthe\AppData\Local\Programs\MiKTeX\tex/generic/pstricks\pstricks-arr
ows.tex
\pshooklength=\dimen287
\pshookwidth=\dimen288
)
\pst@customdefs=\toks46

(C:\Users\mbthe\AppData\Local\Programs\MiKTeX\tex/generic/pstricks\pstricks-dot
s.tex)
\pslinearc=\dimen289
\pst@symbolStep=\dimen290
\pst@symbolWidth=\dimen291
\pst@symbolLinewidth=\dimen292
\everypsbox=\toks47
\psframesep=\dimen293
\pslabelsep=\dimen294
\sh@wgridXunit=\dimen295
\sh@wgridYunit=\dimen296
\pst@shift=\dimen297
\ps@imagectr=\count346

(C:\Users\mbthe\AppData\Local\Programs\MiKTeX\tex/generic/pstricks\pstricks.con
))
File: pstricks.tex 2023/11/06 v3.19b `PSTricks' (tvz,hv)

(C:\Users\mbthe\AppData\Local\Programs\MiKTeX\tex/generic/pstricks\pst-fp.tex
`pst-fp' v0.06, 2020/11/20 (hv))
File: pst-fp.tex 2020/11/20 v0.06 `PST-fp' (hv)
)
Package: pst-circ 2019/01/22 package wrapper for pst-circ.tex (hv)

(C:\Users\mbthe\AppData\Local\Programs\MiKTeX\tex/generic/pst-circ\pst-circ.tex

(C:\Users\mbthe\AppData\Local\Programs\MiKTeX\tex/generic/pst-node\pst-node.tex
 v1.43, 2022/01/31
\psrow=\count347
\pscol=\count348
\psmatrixcnt=\count349
\psrowsep=\skip75
\pscolsep=\skip76
\pst@args=\count350
\num@pts=\count351
\pst@argcnt=\count352
)
(C:\Users\mbthe\AppData\Local\Programs\MiKTeX\tex/generic/multido\multido.tex
 v1.42, 2010/05/14 <tvz>) `pst-circ' v2.18(hv)
\Pst@position=\dimen298
\pst@count@i=\count353
\pst@count@ii=\count354
\pst@count@iii=\count355
\Pst@basesep=\dimen299
)
File: pst-circ.tex 2021/04/28 v2.18 `PST-circ' (CJ,hv)
)
(C:\Users\mbthe\AppData\Local\Programs\MiKTeX\tex/latex/pst-magneticfield\pst-m
agneticfield.sty
(C:\Users\mbthe\AppData\Local\Programs\MiKTeX\tex/latex/pst-3d\pst-3d.sty
Package: pst-3d 2009/07/28 package wrapper for pst-3d.tex (hv)

(C:\Users\mbthe\AppData\Local\Programs\MiKTeX\tex/generic/pst-3d\pst-3d.tex
`PST-3d' v1.11, 2010/02/14 (tvz))
File: pst-3d.tex 2010/02/14 v1.11 `PST-3d' (hv)
)
Package: pst-magneticfield 2010/05/15 package wrapper for pst-magneticfield.tex


(C:\Users\mbthe\AppData\Local\Programs\MiKTeX\tex/generic/pst-magneticfield\pst
-magneticfield.tex
(C:\Users\mbthe\AppData\Local\Programs\MiKTeX\tex/generic/pst-arrow\pst-arrow.t
ex `pst-arrow' v0.05, 2021/11/16 (dr,hv))
`pst-magneticfield' v1.17, 2022/07/06 (ml,jg,hv))
File: pst-magneticfield.tex 2022/07/06 v1.17 `pst-magneticfield' (ML&JG)
)
(C:\Users\mbthe\AppData\Local\Programs\MiKTeX\tex/latex/pst-electricfield\pst-e
lectricfield.sty
Package: pst-electricfield 2010/05/15 package wrapper for pst-electricfield.tex


(C:\Users\mbthe\AppData\Local\Programs\MiKTeX\tex/generic/pst-electricfield\pst
-electricfield.tex `pst-electricfield' v0.14, 2011/03/26 (ml,jg,hv))
File: pst-electricfield.tex 2011/03/26 v0.14 `pst-electricfield' (ml&jg&pm&hv)
)
(C:\Users\mbthe\AppData\Local\Programs\MiKTeX\tex/latex/titlesec\titlesec.sty
Package: titlesec 2023/10/27 v2.16 Sectioning titles
\ttl@box=\box113
\beforetitleunit=\skip77
\aftertitleunit=\skip78
\ttl@plus=\dimen300
\ttl@minus=\dimen301
\ttl@toksa=\toks48
\titlewidth=\dimen302
\titlewidthlast=\dimen303
\titlewidthfirst=\dimen304
)
(C:\Users\mbthe\AppData\Local\Programs\MiKTeX\tex/latex/float\float.sty
Package: float 2001/11/08 v1.3d Float enhancements (AL)
\c@float@type=\count356
\float@exts=\toks49
\float@box=\box114
\@float@everytoks=\toks50
\@floatcapt=\box115
)
(C:\Users\mbthe\AppData\Local\Programs\MiKTeX\tex/latex/appendix\appendix.sty
Package: appendix 2020/02/08 v1.2c extra appendix facilities
\c@@pps=\count357
\c@@ppsavesec=\count358
\c@@ppsaveapp=\count359
)
(C:\Users\mbthe\AppData\Local\Programs\MiKTeX\tex/latex/listings\listings.sty
\lst@mode=\count360
\lst@gtempboxa=\box116
\lst@token=\toks51
\lst@length=\count361
\lst@currlwidth=\dimen305
\lst@column=\count362
\lst@pos=\count363
\lst@lostspace=\dimen306
\lst@width=\dimen307
\lst@newlines=\count364
\lst@lineno=\count365
\lst@maxwidth=\dimen308

(C:\Users\mbthe\AppData\Local\Programs\MiKTeX\tex/latex/listings\lstmisc.sty
File: lstmisc.sty 2023/02/27 1.9 (Carsten Heinz)
\c@lstnumber=\count366
\lst@skipnumbers=\count367
\lst@framebox=\box117
)
(C:\Users\mbthe\AppData\Local\Programs\MiKTeX\tex/latex/listings\listings.cfg
File: listings.cfg 2023/02/27 1.9 listings configuration
))
Package: listings 2023/02/27 1.9 (Carsten Heinz)
(C:\Users\mbthe\AppData\Local\Programs\MiKTeX\tex/latex/listings\lstlang1.sty
File: lstlang1.sty 2023/02/27 1.9 listings language file
)
(C:\Users\mbthe\AppData\Local\Programs\MiKTeX\tex/latex/lipsum\lipsum.sty
(C:\Users\mbthe\AppData\Local\Programs\MiKTeX\tex/latex/l3packages/l3keys2e\l3k
eys2e.sty
Package: l3keys2e 2023-10-10 LaTeX2e option processing using LaTeX3 keys
)
Package: lipsum 2021-09-20 v2.7 150 paragraphs of Lorem Ipsum dummy text
\g__lipsum_par_int=\count368
\l__lipsum_a_int=\count369
\l__lipsum_b_int=\count370

(C:\Users\mbthe\AppData\Local\Programs\MiKTeX\tex/latex/lipsum\lipsum.ltd.tex))
(C:\Users\mbthe\AppData\Local\Programs\MiKTeX\tex/latex/tools\enumerate.sty
Package: enumerate 2023/07/04 v3.00 enumerate extensions (DPC)
\@enLab=\toks52
)
(C:\Users\mbthe\AppData\Local\Programs\MiKTeX\tex/latex/tools\tabularx.sty
Package: tabularx 2023/07/08 v2.11c `tabularx' package (DPC)

(C:\Users\mbthe\AppData\Local\Programs\MiKTeX\tex/latex/tools\array.sty
Package: array 2023/10/16 v2.5g Tabular extension package (FMi)
\col@sep=\dimen309
\ar@mcellbox=\box118
\extrarowheight=\dimen310
\NC@list=\toks53
\extratabsurround=\skip79
\backup@length=\skip80
\ar@cellbox=\box119
)
\TX@col@width=\dimen311
\TX@old@table=\dimen312
\TX@old@col=\dimen313
\TX@target=\dimen314
\TX@delta=\dimen315
\TX@cols=\count371
\TX@ftn=\toks54
)
(C:\Users\mbthe\AppData\Local\Programs\MiKTeX\tex/latex/tools\longtable.sty
Package: longtable 2023-11-01 v4.19 Multi-page Table package (DPC)
\LTleft=\skip81
\LTright=\skip82
\LTpre=\skip83
\LTpost=\skip84
\LTchunksize=\count372
\LTcapwidth=\dimen316
\LT@head=\box120
\LT@firsthead=\box121
\LT@foot=\box122
\LT@lastfoot=\box123
\LT@gbox=\box124
\LT@cols=\count373
\LT@rows=\count374
\c@LT@tables=\count375
\c@LT@chunks=\count376
\LT@p@ftn=\toks55
)
LaTeX Font Info:    Trying to load font information for T1+AlegreyaSans-LF on i
nput line 79.

(C:\Users\mbthe\AppData\Local\Programs\MiKTeX\tex/latex/alegreya\t1alegreyasans
-lf.fd
File: T1AlegreyaSans-LF.fd 2019/10/08 (autoinst) Font definitions for T1/Alegre
yaSans-LF.
)
LaTeX Font Info:    Font shape `T1/AlegreyaSans-LF/m/n' in size <12> not availa
ble
(Font)              Font shape `T1/AlegreyaSans-LF/regular/n' tried instead on 
input line 79.
LaTeX Font Info:    Font shape `T1/AlegreyaSans-LF/regular/n' will be
(Font)              scaled to size 12.0pt on input line 79.
 (Geographic coordinates.aux
(C:\Users\mbthe\AppData\Local\Programs\MiKTeX\tex/generic/babel/locale/fr\babel
-french.tex
Package babel Info: Importing font and identification data for french
(babel)             from babel-fr.ini. Reported on input line 11.
))
\openout1 = `"Geographic coordinates.aux"'.

LaTeX Font Info:    Checking defaults for OML/cmm/m/it on input line 79.
LaTeX Font Info:    ... okay on input line 79.
LaTeX Font Info:    Checking defaults for OMS/cmsy/m/n on input line 79.
LaTeX Font Info:    ... okay on input line 79.
LaTeX Font Info:    Checking defaults for OT1/cmr/m/n on input line 79.
LaTeX Font Info:    ... okay on input line 79.
LaTeX Font Info:    Checking defaults for T1/cmr/m/n on input line 79.
LaTeX Font Info:    ... okay on input line 79.
LaTeX Font Info:    Checking defaults for TS1/cmr/m/n on input line 79.
LaTeX Font Info:    ... okay on input line 79.
LaTeX Font Info:    Checking defaults for OMX/cmex/m/n on input line 79.
LaTeX Font Info:    ... okay on input line 79.
LaTeX Font Info:    Checking defaults for U/cmr/m/n on input line 79.
LaTeX Font Info:    ... okay on input line 79.

(C:\Users\mbthe\AppData\Local\Programs\MiKTeX\tex/context/base/mkii\supp-pdf.mk
ii
[Loading MPS to PDF converter (version 2006.09.02).]
\scratchcounter=\count377
\scratchdimen=\dimen317
\scratchbox=\box125
\nofMPsegments=\count378
\nofMParguments=\count379
\everyMPshowfont=\toks56
\MPscratchCnt=\count380
\MPscratchDim=\dimen318
\MPnumerator=\count381
\makeMPintoPDFobject=\count382
\everyMPtoPDFconversion=\toks57
)
(C:\Users\mbthe\AppData\Local\Programs\MiKTeX\tex/latex/epstopdf-pkg\epstopdf-b
ase.sty
Package: epstopdf-base 2020-01-24 v2.11 Base part for package epstopdf
Package epstopdf-base Info: Redefining graphics rule for `.eps' on input line 4
85.

(C:\Users\mbthe\AppData\Local\Programs\MiKTeX\tex/latex/00miktex\epstopdf-sys.c
fg
File: epstopdf-sys.cfg 2021/03/18 v2.0 Configuration of epstopdf for MiKTeX
))
(C:\Users\mbthe\AppData\Local\Programs\MiKTeX\tex/latex/pdflscape\pdflscape.sty
Package: pdflscape 2022-10-27 v0.13 Display of landscape pages in PDF

(C:\Users\mbthe\AppData\Local\Programs\MiKTeX\tex/latex/pdflscape\pdflscape-nom
etadata.sty
Package: pdflscape-nometadata 2022-10-28 v0.13 Display of landscape pages in PD
F (HO)
Package pdflscape Info: Auto-detected driver: pdftex on input line 81.
))
LaTeX Info: Redefining \degres on input line 79.
Package french.ldf Info: Setting StandardEnumerateEnv=true for
(french.ldf)             compatibility with enumerate package,
(french.ldf)             reported on input line 79.
LaTeX Info: Redefining \up on input line 79.
\c@mv@tabular=\count383
\c@mv@boldtabular=\count384
\c@lstlisting=\count385
LaTeX Font Info:    Font shape `T1/AlegreyaSans-LF/m/n' in size <20.74> not ava
ilable
(Font)              Font shape `T1/AlegreyaSans-LF/regular/n' tried instead on 
input line 93.
LaTeX Font Info:    Font shape `T1/AlegreyaSans-LF/regular/n' will be
(Font)              scaled to size 20.74pt on input line 93.
LaTeX Font Info:    Font shape `T1/AlegreyaSans-LF/m/n' in size <24.88> not ava
ilable
(Font)              Font shape `T1/AlegreyaSans-LF/regular/n' tried instead on 
input line 93.
LaTeX Font Info:    Font shape `T1/AlegreyaSans-LF/regular/n' will be
(Font)              scaled to size 24.88pt on input line 93.
LaTeX Font Info:    Font shape `T1/AlegreyaSans-LF/m/sc' in size <24.88> not av
ailable
(Font)              Font shape `T1/AlegreyaSans-LF/regular/sc' tried instead on
 input line 93.
LaTeX Font Info:    Font shape `T1/AlegreyaSans-LF/regular/sc' will be
(Font)              scaled to size 24.88pt on input line 93.
LaTeX Font Info:    Font shape `T1/AlegreyaSans-LF/m/n' in size <14.4> not avai
lable
(Font)              Font shape `T1/AlegreyaSans-LF/regular/n' tried instead on 
input line 93.
LaTeX Font Info:    Font shape `T1/AlegreyaSans-LF/regular/n' will be
(Font)              scaled to size 14.4pt on input line 93.
LaTeX Font Info:    Trying to load font information for OT1+lmr on input line 9
3.

(C:\Users\mbthe\AppData\Local\Programs\MiKTeX\tex/latex/lm\ot1lmr.fd
File: ot1lmr.fd 2015/05/01 v1.6.1 Font defs for Latin Modern
)
LaTeX Font Info:    Trying to load font information for OML+lmm on input line 9
3.

(C:\Users\mbthe\AppData\Local\Programs\MiKTeX\tex/latex/lm\omllmm.fd
File: omllmm.fd 2015/05/01 v1.6.1 Font defs for Latin Modern
)
LaTeX Font Info:    Trying to load font information for OMS+lmsy on input line 
93.

(C:\Users\mbthe\AppData\Local\Programs\MiKTeX\tex/latex/lm\omslmsy.fd
File: omslmsy.fd 2015/05/01 v1.6.1 Font defs for Latin Modern
)
LaTeX Font Info:    Trying to load font information for OMX+lmex on input line 
93.

(C:\Users\mbthe\AppData\Local\Programs\MiKTeX\tex/latex/lm\omxlmex.fd
File: omxlmex.fd 2015/05/01 v1.6.1 Font defs for Latin Modern
)
LaTeX Font Info:    External font `lmex10' loaded for size
(Font)              <14.4> on input line 93.
LaTeX Font Info:    External font `lmex10' loaded for size
(Font)              <10> on input line 93.
LaTeX Font Info:    External font `lmex10' loaded for size
(Font)              <7> on input line 93.
LaTeX Font Info:    Trying to load font information for U+msa on input line 93.


(C:\Users\mbthe\AppData\Local\Programs\MiKTeX\tex/latex/amsfonts\umsa.fd
File: umsa.fd 2013/01/14 v3.01 AMS symbols A
)
LaTeX Font Info:    Trying to load font information for U+msb on input line 93.


(C:\Users\mbthe\AppData\Local\Programs\MiKTeX\tex/latex/amsfonts\umsb.fd
File: umsb.fd 2013/01/14 v3.01 AMS symbols B
)
[1
Non-PDF special ignored!
<special> header=pstricks.pro
Non-PDF special ignored!
<special> header=pst-algparser.pro
Non-PDF special ignored!
<special> header=pst-tools.pro
Non-PDF special ignored!
<special> header=pst-dots.pro
Non-PDF special ignored!
<special> header=pst-node.pro
Non-PDF special ignored!
<special> header=pst-circ.pro
Non-PDF special ignored!
<special> header=pst-3d.pro
Non-PDF special ignored!
<special> header=pst-magneticfield.pro
Non-PDF special ignored!
<special> header=pst-electricfield.pro

Non-PDF special ignored!
<special> ps: /pssetRGBcolor /setrgbcolor load def /pssetCMYKcolor /setcmyk...
Non-PDF special ignored!
<special> ps:tx@Dict begin  gsave STV CP T /ps@rot 0 def grestore  end
Non-PDF special ignored!
<special> ps:tx@Dict begin  gsave STV CP T /ps@refangle 0.  def grestore  e...
Non-PDF special ignored!
<special> ps:tx@Dict begin  gsave STV CP T /ps@rot 0 def grestore  end
{C:/Users/mbthe/AppData/Local/MiKTeX/fonts/map/pdftex/pdftex.map}{C:/Users/mbth
e/AppData/Local/Programs/MiKTeX/fonts/enc/dvips/alegreya/algr_tf5zvx.enc}{C:/Us
ers/mbthe/AppData/Local/Programs/MiKTeX/fonts/enc/dvips/alegreya/algr_jfvu45.en
c}]
LaTeX Font Info:    Font shape `T1/AlegreyaSans-LF/m/n' in size <17.28> not ava
ilable
(Font)              Font shape `T1/AlegreyaSans-LF/regular/n' tried instead on 
input line 96.
LaTeX Font Info:    Font shape `T1/AlegreyaSans-LF/regular/n' will be
(Font)              scaled to size 17.28pt on input line 96.
LaTeX Font Info:    Font shape `T1/AlegreyaSans-LF/b/n' in size <17.28> not ava
ilable
(Font)              Font shape `T1/AlegreyaSans-LF/bold/n' tried instead on inp
ut line 96.
LaTeX Font Info:    Font shape `T1/AlegreyaSans-LF/bold/n' will be
(Font)              scaled to size 17.28pt on input line 96.
 (Geographic coordinates.toc
LaTeX Font Info:    Font shape `T1/AlegreyaSans-LF/b/n' in size <12> not availa
ble
(Font)              Font shape `T1/AlegreyaSans-LF/bold/n' tried instead on inp
ut line 2.
LaTeX Font Info:    Font shape `T1/AlegreyaSans-LF/bold/n' will be
(Font)              scaled to size 12.0pt on input line 2.
LaTeX Font Info:    External font `lmex10' loaded for size
(Font)              <12> on input line 4.
LaTeX Font Info:    External font `lmex10' loaded for size
(Font)              <8> on input line 4.
LaTeX Font Info:    External font `lmex10' loaded for size
(Font)              <6> on input line 4.
)
\tf@toc=\write3
\openout3 = `"Geographic coordinates.toc"'.

LaTeX Font Info:    Font shape `T1/AlegreyaSans-LF/m/sl' in size <12> not avail
able
(Font)              Font shape `T1/AlegreyaSans-LF/regular/sl' tried instead on
 input line 98.
LaTeX Font Info:    Font shape `T1/AlegreyaSans-LF/regular/sl' in size <12> not
 available
(Font)              Font shape `T1/AlegreyaSans-LF/regular/it' tried instead on
 input line 98.
LaTeX Font Info:    Font shape `T1/AlegreyaSans-LF/regular/it' will be
(Font)              scaled to size 12.0pt on input line 98.


Package fancyhdr Warning: \headheight is too small (12.0pt): 
(fancyhdr)                Make it at least 14.59203pt, for example:
(fancyhdr)                \setlength{\headheight}{14.59203pt}.
(fancyhdr)                You might also make \topmargin smaller to compensate:

(fancyhdr)                \addtolength{\topmargin}{-2.59203pt}.

[2]
LaTeX Font Info:    Font shape `T1/AlegreyaSans-LF/m/n' in size <8> not availab
le
(Font)              Font shape `T1/AlegreyaSans-LF/regular/n' tried instead on 
input line 106.
LaTeX Font Info:    Font shape `T1/AlegreyaSans-LF/regular/n' will be
(Font)              scaled to size 8.0pt on input line 106.
LaTeX Font Info:    Font shape `T1/AlegreyaSans-LF/m/n' in size <10> not availa
ble
(Font)              Font shape `T1/AlegreyaSans-LF/regular/n' tried instead on 
input line 106.
LaTeX Font Info:    Font shape `T1/AlegreyaSans-LF/regular/n' will be
(Font)              scaled to size 10.0pt on input line 106.
LaTeX Font Info:    Trying to load font information for T1+lmtt on input line 1
06.
 (C:\Users\mbthe\AppData\Local\Programs\MiKTeX\tex/latex/lm\t1lmtt.fd
File: t1lmtt.fd 2015/05/01 v1.6.1 Font defs for Latin Modern
)
LaTeX Font Info:    External font `lmex10' loaded for size
(Font)              <5> on input line 106.

Underfull \hbox (badness 10000) in paragraph at lines 106--107

 []

<oxford-2021-01.jpg, id=12, 1316.66907pt x 1316.66907pt>
File: oxford-2021-01.jpg Graphic file (type jpg)
<use oxford-2021-01.jpg>
Package pdftex.def Info: oxford-2021-01.jpg  used on input line 108.
(pdftex.def)             Requested size: 263.32915pt x 263.32915pt.

Package fancyhdr Warning: \headheight is too small (12.0pt): 
(fancyhdr)                Make it at least 14.49998pt, for example:
(fancyhdr)                \setlength{\headheight}{14.49998pt}.
(fancyhdr)                You might also make \topmargin smaller to compensate:

(fancyhdr)                \addtolength{\topmargin}{-2.49998pt}.

[3{C:/Users/mbthe/AppData/Local/Programs/MiKTeX/fonts/enc/dvips/lm/lm-ec.enc} <
./oxford-2021-01.jpg>]
LaTeX Font Info:    Trying to load font information for TS1+AlegreyaSans-LF on 
input line 113.

(C:\Users\mbthe\AppData\Local\Programs\MiKTeX\tex/latex/alegreya\ts1alegreyasan
s-lf.fd
File: TS1AlegreyaSans-LF.fd 2019/10/08 (autoinst) Font definitions for TS1/Aleg
reyaSans-LF.
)
LaTeX Font Info:    Font shape `TS1/AlegreyaSans-LF/m/n' in size <12> not avail
able
(Font)              Font shape `TS1/AlegreyaSans-LF/regular/n' tried instead on
 input line 113.
LaTeX Font Info:    Font shape `TS1/AlegreyaSans-LF/regular/n' will be
(Font)              scaled to size 12.0pt on input line 113.

Underfull \hbox (badness 10000) in paragraph at lines 119--119
$\OML/lmm/m/it/12 L[]\OT1/lmr/m/n/12 (\OML/lmm/m/it/12 ^^^\OT1/lmr/m/n/12 ) = 1
11[]132\OML/lmm/m/it/12 :\OT1/lmr/m/n/12 92 |  \OMS/lmsy/m/n/12 ^^@ \OT1/lmr/m/
n/12 559\OML/lmm/m/it/12 :\OT1/lmr/m/n/12 82 |  \OMS/lmsy/m/n/12 ^^A \OML/lmm/m
/it/12 cos\OT1/lmr/m/n/12 (2\OML/lmm/m/it/12 ^^^\OT1/lmr/m/n/12 ) |  + 1\OML/lm
m/m/it/12 :\OT1/lmr/m/n/12 175 |  \OMS/lmsy/m/n/12 ^^A \OML/lmm/m/it/12 cos\OT1
/lmr/m/n/12 (4\OML/lmm/m/it/12 ^^^\OT1/lmr/m/n/12 ) 
 []


Underfull \hbox (badness 10000) in paragraph at lines 119--119
|  \OMS/lmsy/m/n/12 ^^@ \OT1/lmr/m/n/12 0\OML/lmm/m/it/12 :\OT1/lmr/m/n/12 0023
 |  \OMS/lmsy/m/n/12 ^^A \OML/lmm/m/it/12 cos\OT1/lmr/m/n/12 (6\OML/lmm/m/it/12
 ^^^\OT1/lmr/m/n/12 )|$ 
 []


Underfull \hbox (badness 10000) detected at line 119
|  \OMS/lmsy/m/n/12 ^^@ \OT1/lmr/m/n/12 0\OML/lmm/m/it/12 :\OT1/lmr/m/n/12 0023
 |  \OMS/lmsy/m/n/12 ^^A \OML/lmm/m/it/12 cos\OT1/lmr/m/n/12 (6\OML/lmm/m/it/12
 ^^^\OT1/lmr/m/n/12 )|$ 
 []


Underfull \hbox (badness 10000) detected at line 119
|  \OMS/lmsy/m/n/12 ^^@ \OT1/lmr/m/n/12 0\OML/lmm/m/it/12 :\OT1/lmr/m/n/12 0023
 |  \OMS/lmsy/m/n/12 ^^A \OML/lmm/m/it/12 cos\OT1/lmr/m/n/12 (6\OML/lmm/m/it/12
 ^^^\OT1/lmr/m/n/12 )|$ 
 []


Underfull \hbox (badness 10000) detected at line 119
$\OML/lmm/m/it/12 L[]\OT1/lmr/m/n/12 (\OML/lmm/m/it/12 ^^^\OT1/lmr/m/n/12 ) = 1
11[]132\OML/lmm/m/it/12 :\OT1/lmr/m/n/12 92 |  \OMS/lmsy/m/n/12 ^^@ \OT1/lmr/m/
n/12 559\OML/lmm/m/it/12 :\OT1/lmr/m/n/12 82 |  \OMS/lmsy/m/n/12 ^^A \OML/lmm/m
/it/12 cos\OT1/lmr/m/n/12 (2\OML/lmm/m/it/12 ^^^\OT1/lmr/m/n/12 ) |  + 1\OML/lm
m/m/it/12 :\OT1/lmr/m/n/12 175 |  \OMS/lmsy/m/n/12 ^^A \OML/lmm/m/it/12 cos\OT1
/lmr/m/n/12 (4\OML/lmm/m/it/12 ^^^\OT1/lmr/m/n/12 ) 
 []


Underfull \hbox (badness 10000) in paragraph at lines 119--119
$[] \OT1/lmr/m/n/12 = 111[]132\OML/lmm/m/it/12 :\OT1/lmr/m/n/12 92 |  \OMS/lmsy
/m/n/12 ^^@ \OT1/lmr/m/n/12 559\OML/lmm/m/it/12 :\OT1/lmr/m/n/12 82 |  \OMS/lms
y/m/n/12 ^^A \OML/lmm/m/it/12 cos\OT1/lmr/m/n/12 (2\OML/lmm/m/it/12 ^^^\OT1/lmr
/m/n/12 ) |  + 1\OML/lmm/m/it/12 :\OT1/lmr/m/n/12 175 |  \OMS/lmsy/m/n/12 ^^A \
OML/lmm/m/it/12 cos\OT1/lmr/m/n/12 (4\OML/lmm/m/it/12 ^^^\OT1/lmr/m/n/12 ) 
 []


Underfull \hbox (badness 10000) in paragraph at lines 119--119
|  \OMS/lmsy/m/n/12 ^^@ \OT1/lmr/m/n/12 0\OML/lmm/m/it/12 :\OT1/lmr/m/n/12 0023
 |  \OMS/lmsy/m/n/12 ^^A \OML/lmm/m/it/12 cos\OT1/lmr/m/n/12 (6\OML/lmm/m/it/12
 ^^^\OT1/lmr/m/n/12 )|$ 
 []


Underfull \hbox (badness 10000) detected at line 119
|  \OMS/lmsy/m/n/12 ^^@ \OT1/lmr/m/n/12 0\OML/lmm/m/it/12 :\OT1/lmr/m/n/12 0023
 |  \OMS/lmsy/m/n/12 ^^A \OML/lmm/m/it/12 cos\OT1/lmr/m/n/12 (6\OML/lmm/m/it/12
 ^^^\OT1/lmr/m/n/12 )|$ 
 []


Underfull \hbox (badness 10000) detected at line 119
|  \OMS/lmsy/m/n/12 ^^@ \OT1/lmr/m/n/12 0\OML/lmm/m/it/12 :\OT1/lmr/m/n/12 0023
 |  \OMS/lmsy/m/n/12 ^^A \OML/lmm/m/it/12 cos\OT1/lmr/m/n/12 (6\OML/lmm/m/it/12
 ^^^\OT1/lmr/m/n/12 )|$ 
 []


Underfull \hbox (badness 10000) detected at line 119
$[] \OT1/lmr/m/n/12 = 111[]132\OML/lmm/m/it/12 :\OT1/lmr/m/n/12 92 |  \OMS/lmsy
/m/n/12 ^^@ \OT1/lmr/m/n/12 559\OML/lmm/m/it/12 :\OT1/lmr/m/n/12 82 |  \OMS/lms
y/m/n/12 ^^A \OML/lmm/m/it/12 cos\OT1/lmr/m/n/12 (2\OML/lmm/m/it/12 ^^^\OT1/lmr
/m/n/12 ) |  + 1\OML/lmm/m/it/12 :\OT1/lmr/m/n/12 175 |  \OMS/lmsy/m/n/12 ^^A \
OML/lmm/m/it/12 cos\OT1/lmr/m/n/12 (4\OML/lmm/m/it/12 ^^^\OT1/lmr/m/n/12 ) 
 []

LaTeX Font Info:    Font shape `T1/AlegreyaSans-LF/b/n' in size <14.4> not avai
lable
(Font)              Font shape `T1/AlegreyaSans-LF/bold/n' tried instead on inp
ut line 126.
LaTeX Font Info:    Font shape `T1/AlegreyaSans-LF/bold/n' will be
(Font)              scaled to size 14.4pt on input line 126.
LaTeX Font Info:    Font shape `T1/AlegreyaSans-LF/m/sc' in size <12> not avail
able
(Font)              Font shape `T1/AlegreyaSans-LF/regular/sc' tried instead on
 input line 138.
LaTeX Font Info:    Font shape `T1/AlegreyaSans-LF/regular/sc' will be
(Font)              scaled to size 12.0pt on input line 138.

Package fancyhdr Warning: \headheight is too small (12.0pt): 
(fancyhdr)                Make it at least 14.49998pt, for example:
(fancyhdr)                \setlength{\headheight}{14.49998pt}.
(fancyhdr)                You might also make \topmargin smaller to compensate:

(fancyhdr)                \addtolength{\topmargin}{-2.49998pt}.

[4{C:/Users/mbthe/AppData/Local/Programs/MiKTeX/fonts/enc/dvips/alegreya/algr_n
waz6g.enc}{C:/Users/mbthe/AppData/Local/Programs/MiKTeX/fonts/enc/dvips/lm/lm-m
athit.enc}{C:/Users/mbthe/AppData/Local/Programs/MiKTeX/fonts/enc/dvips/lm/lm-r
m.enc}{C:/Users/mbthe/AppData/Local/Programs/MiKTeX/fonts/enc/dvips/lm/lm-maths
y.enc}{C:/Users/mbthe/AppData/Local/Programs/MiKTeX/fonts/enc/dvips/lm/lm-mathe
x.enc}]

Package fancyhdr Warning: \headheight is too small (12.0pt): 
(fancyhdr)                Make it at least 14.49998pt, for example:
(fancyhdr)                \setlength{\headheight}{14.49998pt}.
(fancyhdr)                You might also make \topmargin smaller to compensate:

(fancyhdr)                \addtolength{\topmargin}{-2.49998pt}.

[5] 
enddocument/afterlastpage: lastpage setting LastPage.
(Geographic coordinates.aux)
 ***********
LaTeX2e <2023-11-01>
L3 programming layer <2023-12-11>
 ***********
 ) 
Here is how much of TeX's memory you used:
 20920 strings out of 474495
 380461 string characters out of 5743935
 1937460 words of memory out of 5000000
 42794 multiletter control sequences out of 15000+600000
 776562 words of font info for 100 fonts, out of 8000000 for 9000
 1141 hyphenation exceptions out of 8191
 90i,11n,86p,648b,428s stack positions out of 10000i,1000n,20000p,200000b,200000s
<C:/Users/mbthe/AppData/Local/Programs/MiKTeX/fonts/type1/huerta/alegreya/Ale
greyaSans-Bold.pfb><C:/Users/mbthe/AppData/Local/Programs/MiKTeX/fonts/type1/hu
erta/alegreya/AlegreyaSans-Italic.pfb><C:/Users/mbthe/AppData/Local/Programs/Mi
KTeX/fonts/type1/huerta/alegreya/AlegreyaSans-Regular.pfb><C:/Users/mbthe/AppDa
ta/Local/Programs/MiKTeX/fonts/type1/public/lm/lmex10.pfb><C:/Users/mbthe/AppDa
ta/Local/Programs/MiKTeX/fonts/type1/public/lm/lmmi12.pfb><C:/Users/mbthe/AppDa
ta/Local/Programs/MiKTeX/fonts/type1/public/lm/lmmi8.pfb><C:/Users/mbthe/AppDat
a/Local/Programs/MiKTeX/fonts/type1/public/lm/lmr12.pfb><C:/Users/mbthe/AppData
/Local/Programs/MiKTeX/fonts/type1/public/lm/lmr8.pfb><C:/Users/mbthe/AppData/L
ocal/Programs/MiKTeX/fonts/type1/public/lm/lmsy10.pfb><C:/Users/mbthe/AppData/L
ocal/Programs/MiKTeX/fonts/type1/public/lm/lmsy8.pfb><C:/Users/mbthe/AppData/Lo
cal/Programs/MiKTeX/fonts/type1/public/lm/lmtt10.pfb>
Output written on "Geographic coordinates.pdf" (5 pages, 765334 bytes).
PDF statistics:
 88 PDF objects out of 1000 (max. 8388607)
 0 named destinations out of 1000 (max. 500000)
 6 words of extra memory for PDF output out of 10000 (max. 10000000)

