This is pdfTeX, Version 3.14159265-2.6-1.40.15 (MiKTeX 2.9 64-bit) (preloaded format=pdflatex 2015.10.6)  28 MAY 2016 22:31
entering extended mode
**page_garde.tex
(page_garde.tex
LaTeX2e <2014/05/01>
Babel <3.9l> and hyphenation patterns for 68 languages loaded.

! LaTeX Error: Environment titlepage undefined.

See the LaTeX manual or LaTeX Companion for explanation.
Type  H <return>  for immediate help.
 ...                                              
                                                  
l.1 \begin{titlepage}
                     
Your command was ignored.
Type  I <command> <return>  to replace it with another command,
or  <return>  to continue without it.


! LaTeX Error: Missing \begin{document}.

See the LaTeX manual or LaTeX Companion for explanation.
Type  H <return>  for immediate help.
 ...                                              
                                                  
l.5 \center
            % Center everything on the page
You're in trouble here.  Try typing  <return>  to proceed.
If that doesn't work, type  X <return>  to quit.


Overfull \hbox (20.0pt too wide) in paragraph at lines 5--5
[] 
 []

! Undefined control sequence.
<recently read> \LARGE 
                       
l.11 \textsc{\LARGE HES-SO Lausanne}
                                    \\[1.5cm]
The control sequence at the end of the top line
of your error message was never \def'ed. If you have
misspelled it (e.g., `\hobx'), type `I' and the correct
spelling (e.g., `I\hbox'). Otherwise just continue,
and I'll forget about whatever was undefined.


Overfull \hbox (25.44417pt too wide) in paragraph at lines 11--11
 \OT1/cmr/m/sc/10 HES- 
 []


Overfull \hbox (14.5554pt too wide) in paragraph at lines 11--11
 \OT1/cmr/m/sc/10 SO 
 []


Overfull \hbox (22.65541pt too wide) in paragraph at lines 11--11
 \OT1/cmr/m/sc/10 Lau- 
 []


Overfull \hbox (28.55545pt too wide) in paragraph at lines 11--11
 \OT1/cmr/m/sc/10 sanne 
 []

! Undefined control sequence.
<recently read> \Large 
                       
l.13 \textsc{\Large Projet d'approfondissement}
                                               \\[0.5cm]
The control sequence at the end of the top line
of your error message was never \def'ed. If you have
misspelled it (e.g., `\hobx'), type `I' and the correct
spelling (e.g., `I\hbox'). Otherwise just continue,
and I'll forget about whatever was undefined.


Overfull \hbox (35.30533pt too wide) in paragraph at lines 13--13
 []\OT1/cmr/m/sc/10 Projet 
 []


Overfull \hbox (105.59395pt too wide) in paragraph at lines 13--13
 \OT1/cmr/m/sc/10 d'approfondissement 
 []

! Undefined control sequence.
l.22 { \huge
             \bfseries Variateur de vitesse basse puissance}\\[0.4cm]
The control sequence at the end of the top line
of your error message was never \def'ed. If you have
misspelled it (e.g., `\hobx'), type `I' and the correct
spelling (e.g., `I\hbox'). Otherwise just continue,
and I'll forget about whatever was undefined.


Overfull \hbox (47.71501pt too wide) in paragraph at lines 22--22
 []\OT1/cmr/bx/n/10 Variateur 
 []


Overfull \hbox (11.65967pt too wide) in paragraph at lines 22--22
 \OT1/cmr/bx/n/10 de 
 []


Overfull \hbox (33.34981pt too wide) in paragraph at lines 22--22
 \OT1/cmr/bx/n/10 vitesse 
 []


Overfull \hbox (26.32204pt too wide) in paragraph at lines 22--22
 \OT1/cmr/bx/n/10 basse 
 []


Overfull \hbox (24.34152pt too wide) in paragraph at lines 22--22
 \OT1/cmr/bx/n/10 puis- 
 []


Overfull \hbox (26.89705pt too wide) in paragraph at lines 22--22
 \OT1/cmr/bx/n/10 sance 
 []

! Undefined control sequence.
l.30 \begin{flushleft} \large
                             
The control sequence at the end of the top line
of your error message was never \def'ed. If you have
misspelled it (e.g., `\hobx'), type `I' and the correct
spelling (e.g., `I\hbox'). Otherwise just continue,
and I'll forget about whatever was undefined.

Missing character: There is no M in font nullfont!
Missing character: There is no o in font nullfont!
Missing character: There is no h in font nullfont!
Missing character: There is no a in font nullfont!
Missing character: There is no m in font nullfont!
Missing character: There is no e in font nullfont!
Missing character: There is no d in font nullfont!
LaTeX Font Info:    External font `cmex10' loaded for size
(Font)              <7> on input line 34.
LaTeX Font Info:    External font `cmex10' loaded for size
(Font)              <5> on input line 34.
! Undefined control sequence.
l.37 \begin{flushright} \large
                              
The control sequence at the end of the top line
of your error message was never \def'ed. If you have
misspelled it (e.g., `\hobx'), type `I' and the correct
spelling (e.g., `I\hbox'). Otherwise just continue,
and I'll forget about whatever was undefined.

Missing character: There is no D in font nullfont!
Missing character: There is no e in font nullfont!
Missing character: There is no n in font nullfont!
Missing character: There is no i in font nullfont!
Missing character: There is no s in font nullfont!
Missing character: There is no M in font nullfont!
Missing character: There is no i in font nullfont!
Missing character: There is no c in font nullfont!
Missing character: There is no h in font nullfont!
Missing character: There is no a in font nullfont!
Missing character: There is no e in font nullfont!
Missing character: There is no l in font nullfont!

Overfull \hbox (3276.74998pt too wide) in paragraph at lines 29--46
 []$[]$ 
 []


Overfull \hbox (3276.74998pt too wide) in paragraph at lines 29--46
 $[]$ 
 []

! Undefined control sequence.
l.56 {\large
             \today}\\[2cm] % Date, change the \today to a set date if you w...
The control sequence at the end of the top line
of your error message was never \def'ed. If you have
misspelled it (e.g., `\hobx'), type `I' and the correct
spelling (e.g., `I\hbox'). Otherwise just continue,
and I'll forget about whatever was undefined.

! Undefined control sequence.
l.56 {\large \today
                   }\\[2cm] % Date, change the \today to a set date if you w...
The control sequence at the end of the top line
of your error message was never \def'ed. If you have
misspelled it (e.g., `\hobx'), type `I' and the correct
spelling (e.g., `I\hbox'). Otherwise just continue,
and I'll forget about whatever was undefined.


! LaTeX Error: There's no line here to end.

See the LaTeX manual or LaTeX Companion for explanation.
Type  H <return>  for immediate help.
 ...                                              
                                                  
l.56 {\large \today}\\
                      [2cm] % Date, change the \today to a set date if you w...

Your command was ignored.
Type  I <command> <return>  to replace it with another command,
or  <return>  to continue without it.


! LaTeX Error: \begin{document} ended by \end{titlepage}.

See the LaTeX manual or LaTeX Companion for explanation.
Type  H <return>  for immediate help.
 ...                                              
                                                  
l.68 \end{titlepage}
                    
Your command was ignored.
Type  I <command> <return>  to replace it with another command,
or  <return>  to continue without it.

)
! Emergency stop.
<*> page_garde.tex
                  
*** (job aborted, no legal \end found)

 
Here is how much of TeX's memory you used:
 20 strings out of 493698
 234 string characters out of 3144409
 53149 words of memory out of 3000000
 3443 multiletter control sequences out of 15000+200000
 4595 words of font info for 17 fonts, out of 3000000 for 9000
 1025 hyphenation exceptions out of 8191
 20i,3n,18p,140b,219s stack positions out of 5000i,500n,10000p,200000b,50000s
!  ==> Fatal error occurred, no output PDF file produced!
