\BOOKMARK [1][-]{section.1}{Introduction}{}% 1
\BOOKMARK [1][-]{section.2}{Alg\350bre}{}% 2
\BOOKMARK [2][-]{subsection.2.1}{Logarithme}{section.2}% 3
\BOOKMARK [3][-]{subsubsection.2.1.1}{Relations}{subsection.2.1}% 4
\BOOKMARK [3][-]{subsubsection.2.1.2}{Changement de base}{subsection.2.1}% 5
\BOOKMARK [2][-]{subsection.2.2}{Produits remarquables}{section.2}% 6
\BOOKMARK [2][-]{subsection.2.3}{Equation de degr\351 2}{section.2}% 7
\BOOKMARK [2][-]{subsection.2.4}{Equation degr\351 3 : M\351thode de Cardan}{section.2}% 8
\BOOKMARK [2][-]{subsection.2.5}{Suites \046 S\351ries}{section.2}% 9
\BOOKMARK [2][-]{subsection.2.6}{Nombres complexes}{section.2}% 10
\BOOKMARK [3][-]{subsubsection.2.6.1}{Utilit\351}{subsection.2.6}% 11
\BOOKMARK [3][-]{subsubsection.2.6.2}{D\351finition}{subsection.2.6}% 12
\BOOKMARK [3][-]{subsubsection.2.6.3}{R\351solution d'\351quations imaginaires}{subsection.2.6}% 13
\BOOKMARK [2][-]{subsection.2.7}{S\351rie et transform\351e de Fourier}{section.2}% 14
\BOOKMARK [2][-]{subsection.2.8}{Transform\351e de Laplace}{section.2}% 15
\BOOKMARK [1][-]{section.3}{Equations diff\351rentielles}{}% 16
\BOOKMARK [1][-]{section.4}{Alg\350bre lin\351aire}{}% 17
\BOOKMARK [1][-]{section.5}{Analyse num\351rique}{}% 18
\BOOKMARK [1][-]{section.6}{Cin\351matique multi-corps}{}% 19
\BOOKMARK [1][-]{section.7}{Cryptologie}{}% 20
\BOOKMARK [1][-]{section.8}{Syst\350mes de coordonn\351es}{}% 21
\BOOKMARK [2][-]{subsection.8.1}{Coordonn\351es cylindriques}{section.8}% 22
\BOOKMARK [2][-]{subsection.8.2}{Coordonn\351es sph\351riques}{section.8}% 23
\BOOKMARK [1][-]{section.9}{G\351om\351trie}{}% 24
\BOOKMARK [2][-]{subsection.9.1}{Triangle quleconque}{section.9}% 25
\BOOKMARK [2][-]{subsection.9.2}{Trigonom\351trie}{section.9}% 26
\BOOKMARK [2][-]{subsection.9.3}{Norme}{section.9}% 27
\BOOKMARK [2][-]{subsection.9.4}{Vecteurs}{section.9}% 28
\BOOKMARK [2][-]{subsection.9.5}{Base}{section.9}% 29
\BOOKMARK [2][-]{subsection.9.6}{Produit scalaire}{section.9}% 30
\BOOKMARK [2][-]{subsection.9.7}{Volume}{section.9}% 31
\BOOKMARK [2][-]{subsection.9.8}{Produit vectoriel}{section.9}% 32
\BOOKMARK [3][-]{subsubsection.9.8.1}{D\351finition}{subsection.9.8}% 33
\BOOKMARK [3][-]{subsubsection.9.8.2}{Relation}{subsection.9.8}% 34
\BOOKMARK [3][-]{subsubsection.9.8.3}{Propri\351t\351s}{subsection.9.8}% 35
\BOOKMARK [2][-]{subsection.9.9}{Equations dans l'espace}{section.9}% 36
\BOOKMARK [3][-]{subsubsection.9.9.1}{Dans le plan}{subsection.9.9}% 37
\BOOKMARK [3][-]{subsubsection.9.9.2}{Dans l'espace}{subsection.9.9}% 38
\BOOKMARK [2][-]{subsection.9.10}{Allignements}{section.9}% 39
\BOOKMARK [2][-]{subsection.9.11}{Intersections}{section.9}% 40
\BOOKMARK [2][-]{subsection.9.12}{Projections}{section.9}% 41
\BOOKMARK [2][-]{subsection.9.13}{Calculs volume}{section.9}% 42
\BOOKMARK [2][-]{subsection.9.14}{Calculs surface}{section.9}% 43
\BOOKMARK [1][-]{section.10}{Math\351matiques}{}% 44
\BOOKMARK [1][-]{section.11}{Mat\351riaux}{}% 45
\BOOKMARK [1][-]{section.12}{M\351canique}{}% 46
\BOOKMARK [2][-]{subsection.12.1}{Cin\351matique}{section.12}% 47
\BOOKMARK [3][-]{subsubsection.12.1.1}{MRU}{subsection.12.1}% 48
\BOOKMARK [3][-]{subsubsection.12.1.2}{MRUA}{subsection.12.1}% 49
\BOOKMARK [3][-]{subsubsection.12.1.3}{MCU}{subsection.12.1}% 50
\BOOKMARK [3][-]{subsubsection.12.1.4}{MCUA}{subsection.12.1}% 51
\BOOKMARK [2][-]{subsection.12.2}{Equations d'\351quilibre}{section.12}% 52
\BOOKMARK [2][-]{subsection.12.3}{M\351canique Lagrangienne}{section.12}% 53
\BOOKMARK [2][-]{subsection.12.4}{Centre de masse et moment d'inertie}{section.12}% 54
\BOOKMARK [2][-]{subsection.12.5}{Quantit\351 mouvement, moment cin\351tique}{section.12}% 55
\BOOKMARK [1][-]{section.13}{M\351canique des fluides}{}% 56
\BOOKMARK [1][-]{section.14}{M\351caniques des fluides/a\351rodynamique}{}% 57
\BOOKMARK [1][-]{section.15}{M\351canique des structures}{}% 58
\BOOKMARK [2][-]{subsection.15.1}{Traction/compression}{section.15}% 59
\BOOKMARK [2][-]{subsection.15.2}{Effort tranchant}{section.15}% 60
\BOOKMARK [2][-]{subsection.15.3}{Flexion}{section.15}% 61
\BOOKMARK [2][-]{subsection.15.4}{Torsion}{section.15}% 62
\BOOKMARK [1][-]{section.16}{M\351canique vibratoire}{}% 63
\BOOKMARK [2][-]{subsection.16.1}{Syst\350me \340 un degr\351 de libert\351}{section.16}% 64
\BOOKMARK [1][-]{section.17}{Physique}{}% 65
\BOOKMARK [2][-]{subsection.17.1}{Lois de conservation}{section.17}% 66
\BOOKMARK [3][-]{subsubsection.17.1.1}{Quatit\351 de mouvement}{subsection.17.1}% 67
\BOOKMARK [3][-]{subsubsection.17.1.2}{Energie}{subsection.17.1}% 68
\BOOKMARK [3][-]{subsubsection.17.1.3}{Moment cin\351tique}{subsection.17.1}% 69
\BOOKMARK [2][-]{subsection.17.2}{Lois de distribution}{section.17}% 70
\BOOKMARK [2][-]{subsection.17.3}{Chocs}{section.17}% 71
\BOOKMARK [1][-]{section.18}{Statistique}{}% 72
\BOOKMARK [2][-]{subsection.18.1}{Combinatoire}{section.18}% 73
\BOOKMARK [2][-]{subsection.18.2}{***********}{section.18}% 74
\BOOKMARK [1][-]{section.19}{R\351gulation}{}% 75
\BOOKMARK [1][-]{section.20}{Thermodynamique}{}% 76
\BOOKMARK [2][-]{subsection.20.1}{D\351finitions}{section.20}% 77
\BOOKMARK [2][-]{subsection.20.2}{Principes de la thermodynamique}{section.20}% 78
\BOOKMARK [2][-]{subsection.20.3}{Processus thermodynamique}{section.20}% 79
\BOOKMARK [2][-]{subsection.20.4}{Cycles}{section.20}% 80
\BOOKMARK [2][-]{subsection.20.5}{Rendements isentropiques}{section.20}% 81
\BOOKMARK [2][-]{subsection.20.6}{Rayonnement corps noir}{section.20}% 82
\BOOKMARK [2][-]{subsection.20.7}{Changement de phase}{section.20}% 83
\BOOKMARK [1][-]{section.21}{Conversion d'unit\351}{}% 84
\BOOKMARK [1][-]{section.22}{Bibliographie}{}% 85
